0 verbose cli /data/data/com.termux/files/usr/bin/node /data/data/com.termux/files/usr/bin/npm
1 info using npm@10.9.2
2 info using node@v23.8.0
3 silly config load:file:/data/data/com.termux/files/usr/lib/node_modules/npm/npmrc
4 silly config load:file:/storage/emulated/0/Documents/virtuzen-backend/.npmrc
5 silly config load:file:/data/data/com.termux/files/home/.npmrc
6 silly config load:file:/data/data/com.termux/files/usr/etc/npmrc
7 verbose title npm install express dotenv cors axios
8 verbose argv "install" "express" "dotenv" "cors" "axios"
9 verbose logfile logs-max:10 dir:/data/data/com.termux/files/home/.npm/_logs/2025-03-12T01_26_57_344Z-
10 verbose logfile /data/data/com.termux/files/home/.npm/_logs/2025-03-12T01_26_57_344Z-debug-0.log
11 silly logfile start cleaning logs, removing 1 files
12 silly logfile done cleaning log files
13 silly packumentCache heap:1098907648 maxSize:274726912 maxEntrySize:137363456
14 silly idealTree buildDeps
15 silly fetch manifest express@*
16 silly packumentCache full:https://registry.npmjs.org/express cache-miss
17 http fetch GET 200 https://registry.npmjs.org/express 1084ms (cache updated)
18 silly packumentCache full:https://registry.npmjs.org/express set size:undefined disposed:false
19 silly fetch manifest dotenv@*
20 silly packumentCache full:https://registry.npmjs.org/dotenv cache-miss
21 http fetch GET 200 https://registry.npmjs.org/dotenv 446ms (cache updated)
22 silly packumentCache full:https://registry.npmjs.org/dotenv set size:undefined disposed:false
23 silly fetch manifest cors@*
24 silly packumentCache full:https://registry.npmjs.org/cors cache-miss
25 http fetch GET 200 https://registry.npmjs.org/cors 244ms (cache updated)
26 silly packumentCache full:https://registry.npmjs.org/cors set size:undefined disposed:false
27 silly fetch manifest axios@*
28 silly packumentCache full:https://registry.npmjs.org/axios cache-miss
29 http fetch GET 200 https://registry.npmjs.org/axios 211ms (cache updated)
30 silly packumentCache full:https://registry.npmjs.org/axios set size:undefined disposed:false
31 silly placeDep ROOT axios@1.8.2 OK for: virtuzen-backend@1.0.0 want: *
32 silly placeDep ROOT cors@2.8.5 OK for: virtuzen-backend@1.0.0 want: *
33 silly placeDep ROOT dotenv@16.4.7 OK for: virtuzen-backend@1.0.0 want: *
34 silly placeDep ROOT express@4.21.2 OK for: virtuzen-backend@1.0.0 want: *
35 silly fetch manifest follow-redirects@^1.15.6
36 silly packumentCache full:https://registry.npmjs.org/follow-redirects cache-miss
37 silly fetch manifest form-data@^4.0.0
38 silly packumentCache full:https://registry.npmjs.org/form-data cache-miss
39 silly fetch manifest proxy-from-env@^1.1.0
40 silly packumentCache full:https://registry.npmjs.org/proxy-from-env cache-miss
41 silly fetch manifest vary@^1
42 silly packumentCache full:https://registry.npmjs.org/vary cache-miss
43 silly fetch manifest object-assign@^4
44 silly packumentCache full:https://registry.npmjs.org/object-assign cache-miss
45 silly fetch manifest qs@6.13.0
46 silly packumentCache full:https://registry.npmjs.org/qs cache-miss
47 silly fetch manifest depd@2.0.0
48 silly packumentCache full:https://registry.npmjs.org/depd cache-miss
49 http fetch GET 200 https://registry.npmjs.org/follow-redirects 266ms (cache updated)
50 silly packumentCache full:https://registry.npmjs.org/follow-redirects set size:undefined disposed:false
51 silly fetch manifest etag@~1.8.1
52 silly packumentCache full:https://registry.npmjs.org/etag cache-miss
53 http fetch GET 200 https://registry.npmjs.org/vary 371ms (cache updated)
54 silly packumentCache full:https://registry.npmjs.org/vary set size:undefined disposed:false
55 silly fetch manifest send@0.19.0
56 silly packumentCache full:https://registry.npmjs.org/send cache-miss
57 http fetch GET 200 https://registry.npmjs.org/etag 297ms (cache updated)
58 silly packumentCache full:https://registry.npmjs.org/etag set size:undefined disposed:false
59 silly fetch manifest vary@~1.1.2
60 silly packumentCache full:https://registry.npmjs.org/vary cache-miss
61 http fetch GET 200 https://registry.npmjs.org/depd 577ms (cache updated)
62 silly packumentCache full:https://registry.npmjs.org/depd set size:undefined disposed:false
63 silly fetch manifest debug@2.6.9
64 silly packumentCache full:https://registry.npmjs.org/debug cache-miss
65 http fetch GET 200 https://registry.npmjs.org/proxy-from-env 589ms (cache updated)
66 silly packumentCache full:https://registry.npmjs.org/proxy-from-env set size:undefined disposed:false
67 silly fetch manifest fresh@0.5.2
68 silly packumentCache full:https://registry.npmjs.org/fresh cache-miss
69 http fetch GET 200 https://registry.npmjs.org/object-assign 597ms (cache updated)
70 silly packumentCache full:https://registry.npmjs.org/object-assign set size:undefined disposed:false
71 silly fetch manifest cookie@0.7.1
72 silly packumentCache full:https://registry.npmjs.org/cookie cache-miss
73 http cache https://registry.npmjs.org/vary 43ms (cache hit)
74 silly packumentCache full:https://registry.npmjs.org/vary set size:15958 disposed:false
75 silly fetch manifest accepts@~1.3.8
76 silly packumentCache full:https://registry.npmjs.org/accepts cache-miss
77 http fetch GET 200 https://registry.npmjs.org/form-data 640ms (cache updated)
78 silly packumentCache full:https://registry.npmjs.org/form-data set size:undefined disposed:false
79 silly fetch manifest methods@~1.1.2
80 silly packumentCache full:https://registry.npmjs.org/methods cache-miss
81 http fetch GET 200 https://registry.npmjs.org/send 263ms (cache updated)
82 silly packumentCache full:https://registry.npmjs.org/send set size:undefined disposed:false
83 silly fetch manifest type-is@~1.6.18
84 silly packumentCache full:https://registry.npmjs.org/type-is cache-miss
85 http fetch GET 200 https://registry.npmjs.org/qs 657ms (cache updated)
86 silly packumentCache full:https://registry.npmjs.org/qs set size:undefined disposed:false
87 silly fetch manifest parseurl@~1.3.3
88 silly packumentCache full:https://registry.npmjs.org/parseurl cache-miss
89 http fetch GET 200 https://registry.npmjs.org/accepts 211ms (cache updated)
90 silly packumentCache full:https://registry.npmjs.org/accepts set size:undefined disposed:false
91 silly fetch manifest statuses@2.0.1
92 silly packumentCache full:https://registry.npmjs.org/statuses cache-miss
93 http fetch GET 200 https://registry.npmjs.org/fresh 246ms (cache updated)
94 silly packumentCache full:https://registry.npmjs.org/fresh set size:undefined disposed:false
95 silly fetch manifest encodeurl@~2.0.0
96 silly packumentCache full:https://registry.npmjs.org/encodeurl cache-miss
97 http fetch GET 200 https://registry.npmjs.org/debug 262ms (cache updated)
98 silly packumentCache full:https://registry.npmjs.org/debug set size:undefined disposed:false
99 silly fetch manifest proxy-addr@~2.0.7
100 silly packumentCache full:https://registry.npmjs.org/proxy-addr cache-miss
101 http fetch GET 200 https://registry.npmjs.org/methods 212ms (cache updated)
102 silly packumentCache full:https://registry.npmjs.org/methods set size:undefined disposed:false
103 silly fetch manifest body-parser@1.20.3
104 silly packumentCache full:https://registry.npmjs.org/body-parser cache-miss
105 http fetch GET 200 https://registry.npmjs.org/cookie 267ms (cache updated)
106 silly packumentCache full:https://registry.npmjs.org/cookie set size:undefined disposed:false
107 silly fetch manifest escape-html@~1.0.3
108 silly packumentCache full:https://registry.npmjs.org/escape-html cache-miss
109 http fetch GET 200 https://registry.npmjs.org/type-is 241ms (cache updated)
110 silly packumentCache full:https://registry.npmjs.org/type-is set size:undefined disposed:false
111 silly fetch manifest http-errors@2.0.0
112 silly packumentCache full:https://registry.npmjs.org/http-errors cache-miss
113 http fetch GET 200 https://registry.npmjs.org/parseurl 232ms (cache updated)
114 silly packumentCache full:https://registry.npmjs.org/parseurl set size:undefined disposed:false
115 silly fetch manifest on-finished@2.4.1
116 silly packumentCache full:https://registry.npmjs.org/on-finished cache-miss
117 http fetch GET 200 https://registry.npmjs.org/encodeurl 277ms (cache updated)
118 silly packumentCache full:https://registry.npmjs.org/encodeurl set size:undefined disposed:false
119 silly fetch manifest safe-buffer@5.2.1
120 silly packumentCache full:https://registry.npmjs.org/safe-buffer cache-miss
121 http fetch GET 200 https://registry.npmjs.org/escape-html 248ms (cache updated)
122 silly packumentCache full:https://registry.npmjs.org/escape-html set size:undefined disposed:false
123 silly fetch manifest utils-merge@1.0.1
124 silly packumentCache full:https://registry.npmjs.org/utils-merge cache-miss
125 http fetch GET 200 https://registry.npmjs.org/on-finished 220ms (cache updated)
126 silly packumentCache full:https://registry.npmjs.org/on-finished set size:undefined disposed:false
127 silly fetch manifest content-type@~1.0.4
128 silly packumentCache full:https://registry.npmjs.org/content-type cache-miss
129 http fetch GET 200 https://registry.npmjs.org/statuses 293ms (cache updated)
130 silly packumentCache full:https://registry.npmjs.org/statuses set size:undefined disposed:false
131 silly fetch manifest finalhandler@1.3.1
132 silly packumentCache full:https://registry.npmjs.org/finalhandler cache-miss
133 http fetch GET 200 https://registry.npmjs.org/body-parser 277ms (cache updated)
134 silly packumentCache full:https://registry.npmjs.org/body-parser set size:undefined disposed:false
135 silly fetch manifest range-parser@~1.2.1
136 silly packumentCache full:https://registry.npmjs.org/range-parser cache-miss
137 http fetch GET 200 https://registry.npmjs.org/http-errors 249ms (cache updated)
138 silly packumentCache full:https://registry.npmjs.org/http-errors set size:undefined disposed:false
139 silly fetch manifest serve-static@1.16.2
140 silly packumentCache full:https://registry.npmjs.org/serve-static cache-miss
141 http fetch GET 200 https://registry.npmjs.org/proxy-addr 330ms (cache updated)
142 silly packumentCache full:https://registry.npmjs.org/proxy-addr set size:undefined disposed:false
143 silly fetch manifest array-flatten@1.1.1
144 silly packumentCache full:https://registry.npmjs.org/array-flatten cache-miss
145 http fetch GET 200 https://registry.npmjs.org/utils-merge 203ms (cache updated)
146 silly packumentCache full:https://registry.npmjs.org/utils-merge set size:undefined disposed:false
147 silly fetch manifest path-to-regexp@0.1.12
148 silly packumentCache full:https://registry.npmjs.org/path-to-regexp cache-miss
149 http fetch GET 200 https://registry.npmjs.org/content-type 203ms (cache updated)
150 silly packumentCache full:https://registry.npmjs.org/content-type set size:undefined disposed:false
151 silly fetch manifest setprototypeof@1.2.0
152 silly packumentCache full:https://registry.npmjs.org/setprototypeof cache-miss
153 http fetch GET 200 https://registry.npmjs.org/range-parser 207ms (cache updated)
154 silly packumentCache full:https://registry.npmjs.org/range-parser set size:undefined disposed:false
155 silly fetch manifest cookie-signature@1.0.6
156 silly packumentCache full:https://registry.npmjs.org/cookie-signature cache-miss
157 http fetch GET 200 https://registry.npmjs.org/safe-buffer 234ms (cache updated)
158 silly packumentCache full:https://registry.npmjs.org/safe-buffer set size:undefined disposed:false
159 silly fetch manifest merge-descriptors@1.0.3
160 silly packumentCache full:https://registry.npmjs.org/merge-descriptors cache-miss
161 http fetch GET 200 https://registry.npmjs.org/serve-static 211ms (cache updated)
162 silly packumentCache full:https://registry.npmjs.org/serve-static set size:undefined disposed:false
163 silly fetch manifest content-disposition@0.5.4
164 silly packumentCache full:https://registry.npmjs.org/content-disposition cache-miss
165 http fetch GET 200 https://registry.npmjs.org/finalhandler 244ms (cache updated)
166 silly packumentCache full:https://registry.npmjs.org/finalhandler set size:undefined disposed:false
167 http fetch GET 200 https://registry.npmjs.org/array-flatten 193ms (cache updated)
168 silly packumentCache full:https://registry.npmjs.org/array-flatten set size:undefined disposed:false
169 http fetch GET 200 https://registry.npmjs.org/path-to-regexp 197ms (cache updated)
170 silly packumentCache full:https://registry.npmjs.org/path-to-regexp set size:undefined disposed:false
171 http fetch GET 200 https://registry.npmjs.org/setprototypeof 206ms (cache updated)
172 silly packumentCache full:https://registry.npmjs.org/setprototypeof set size:undefined disposed:false
173 http fetch GET 200 https://registry.npmjs.org/merge-descriptors 183ms (cache updated)
174 silly packumentCache full:https://registry.npmjs.org/merge-descriptors set size:undefined disposed:false
175 http fetch GET 200 https://registry.npmjs.org/cookie-signature 206ms (cache updated)
176 silly packumentCache full:https://registry.npmjs.org/cookie-signature set size:undefined disposed:false
177 http fetch GET 200 https://registry.npmjs.org/content-disposition 195ms (cache updated)
178 silly packumentCache full:https://registry.npmjs.org/content-disposition set size:undefined disposed:false
179 silly placeDep ROOT follow-redirects@1.15.9 OK for: axios@1.8.2 want: ^1.15.6
180 silly placeDep ROOT form-data@4.0.2 OK for: axios@1.8.2 want: ^4.0.0
181 silly placeDep ROOT proxy-from-env@1.1.0 OK for: axios@1.8.2 want: ^1.1.0
182 silly fetch manifest asynckit@^0.4.0
183 silly packumentCache full:https://registry.npmjs.org/asynckit cache-miss
184 silly fetch manifest combined-stream@^1.0.8
185 silly packumentCache full:https://registry.npmjs.org/combined-stream cache-miss
186 silly fetch manifest es-set-tostringtag@^2.1.0
187 silly packumentCache full:https://registry.npmjs.org/es-set-tostringtag cache-miss
188 silly fetch manifest mime-types@^2.1.12
189 silly packumentCache full:https://registry.npmjs.org/mime-types cache-miss
190 http fetch GET 200 https://registry.npmjs.org/combined-stream 221ms (cache updated)
191 silly packumentCache full:https://registry.npmjs.org/combined-stream set size:undefined disposed:false
192 http fetch GET 200 https://registry.npmjs.org/es-set-tostringtag 223ms (cache updated)
193 silly packumentCache full:https://registry.npmjs.org/es-set-tostringtag set size:undefined disposed:false
194 http fetch GET 200 https://registry.npmjs.org/mime-types 227ms (cache updated)
195 silly packumentCache full:https://registry.npmjs.org/mime-types set size:undefined disposed:false
196 http fetch GET 200 https://registry.npmjs.org/asynckit 239ms (cache updated)
197 silly packumentCache full:https://registry.npmjs.org/asynckit set size:undefined disposed:false
198 silly placeDep ROOT object-assign@4.1.1 OK for: cors@2.8.5 want: ^4
199 silly placeDep ROOT vary@1.1.2 OK for: cors@2.8.5 want: ^1
200 silly placeDep ROOT accepts@1.3.8 OK for: express@4.21.2 want: ~1.3.8
201 silly placeDep ROOT array-flatten@1.1.1 OK for: express@4.21.2 want: 1.1.1
202 silly placeDep ROOT body-parser@1.20.3 OK for: express@4.21.2 want: 1.20.3
203 silly placeDep ROOT content-disposition@0.5.4 OK for: express@4.21.2 want: 0.5.4
204 silly placeDep ROOT content-type@1.0.5 OK for: express@4.21.2 want: ~1.0.4
205 silly placeDep ROOT cookie@0.7.1 OK for: express@4.21.2 want: 0.7.1
206 silly placeDep ROOT cookie-signature@1.0.6 OK for: express@4.21.2 want: 1.0.6
207 silly placeDep ROOT debug@2.6.9 OK for: express@4.21.2 want: 2.6.9
208 silly placeDep ROOT depd@2.0.0 OK for: express@4.21.2 want: 2.0.0
209 silly placeDep ROOT encodeurl@2.0.0 OK for: express@4.21.2 want: ~2.0.0
210 silly placeDep ROOT escape-html@1.0.3 OK for: express@4.21.2 want: ~1.0.3
211 silly placeDep ROOT etag@1.8.1 OK for: express@4.21.2 want: ~1.8.1
212 silly placeDep ROOT finalhandler@1.3.1 OK for: express@4.21.2 want: 1.3.1
213 silly placeDep ROOT fresh@0.5.2 OK for: express@4.21.2 want: 0.5.2
214 silly placeDep ROOT http-errors@2.0.0 OK for: express@4.21.2 want: 2.0.0
215 silly placeDep ROOT merge-descriptors@1.0.3 OK for: express@4.21.2 want: 1.0.3
216 silly placeDep ROOT methods@1.1.2 OK for: express@4.21.2 want: ~1.1.2
217 silly placeDep ROOT on-finished@2.4.1 OK for: express@4.21.2 want: 2.4.1
218 silly placeDep ROOT parseurl@1.3.3 OK for: express@4.21.2 want: ~1.3.3
219 silly placeDep ROOT path-to-regexp@0.1.12 OK for: express@4.21.2 want: 0.1.12
220 silly placeDep ROOT proxy-addr@2.0.7 OK for: express@4.21.2 want: ~2.0.7
221 silly placeDep ROOT qs@6.13.0 OK for: express@4.21.2 want: 6.13.0
222 silly placeDep ROOT range-parser@1.2.1 OK for: express@4.21.2 want: ~1.2.1
223 silly placeDep ROOT safe-buffer@5.2.1 OK for: express@4.21.2 want: 5.2.1
224 silly placeDep ROOT send@0.19.0 OK for: express@4.21.2 want: 0.19.0
225 silly placeDep ROOT serve-static@1.16.2 OK for: express@4.21.2 want: 1.16.2
226 silly placeDep ROOT setprototypeof@1.2.0 OK for: express@4.21.2 want: 1.2.0
227 silly placeDep ROOT statuses@2.0.1 OK for: express@4.21.2 want: 2.0.1
228 silly placeDep ROOT type-is@1.6.18 OK for: express@4.21.2 want: ~1.6.18
229 silly placeDep ROOT utils-merge@1.0.1 OK for: express@4.21.2 want: 1.0.1
230 silly fetch manifest mime-types@~2.1.34
231 silly packumentCache full:https://registry.npmjs.org/mime-types cache-miss
232 silly fetch manifest negotiator@0.6.3
233 silly packumentCache full:https://registry.npmjs.org/negotiator cache-miss
234 silly fetch manifest bytes@3.1.2
235 silly packumentCache full:https://registry.npmjs.org/bytes cache-miss
236 silly fetch manifest unpipe@1.0.0
237 silly packumentCache full:https://registry.npmjs.org/unpipe cache-miss
238 silly fetch manifest destroy@1.2.0
239 silly packumentCache full:https://registry.npmjs.org/destroy cache-miss
240 silly fetch manifest raw-body@2.5.2
241 silly packumentCache full:https://registry.npmjs.org/raw-body cache-miss
242 silly fetch manifest iconv-lite@0.4.24
243 silly packumentCache full:https://registry.npmjs.org/iconv-lite cache-miss
244 http cache https://registry.npmjs.org/mime-types 35ms (cache hit)
245 silly packumentCache full:https://registry.npmjs.org/mime-types set size:129792 disposed:false
246 silly fetch manifest content-type@~1.0.5
247 silly packumentCache full:https://registry.npmjs.org/content-type cache-miss
248 http cache https://registry.npmjs.org/content-type 5ms (cache hit)
249 silly packumentCache full:https://registry.npmjs.org/content-type set size:17251 disposed:false
250 silly fetch manifest ms@2.0.0
251 silly packumentCache full:https://registry.npmjs.org/ms cache-miss
252 http fetch GET 200 https://registry.npmjs.org/iconv-lite 216ms (cache updated)
253 silly packumentCache full:https://registry.npmjs.org/iconv-lite set size:undefined disposed:false
254 silly fetch manifest unpipe@~1.0.0
255 silly packumentCache full:https://registry.npmjs.org/unpipe cache-miss
256 http fetch GET 200 https://registry.npmjs.org/unpipe 250ms (cache updated)
257 silly packumentCache full:https://registry.npmjs.org/unpipe set size:undefined disposed:false
258 silly fetch manifest inherits@2.0.4
259 silly packumentCache full:https://registry.npmjs.org/inherits cache-miss
260 http fetch GET 200 https://registry.npmjs.org/destroy 254ms (cache updated)
261 silly packumentCache full:https://registry.npmjs.org/destroy set size:undefined disposed:false
262 silly fetch manifest toidentifier@1.0.1
263 silly packumentCache full:https://registry.npmjs.org/toidentifier cache-miss
264 http fetch GET 200 https://registry.npmjs.org/negotiator 261ms (cache updated)
265 silly packumentCache full:https://registry.npmjs.org/negotiator set size:undefined disposed:false
266 silly fetch manifest ee-first@1.1.1
267 silly packumentCache full:https://registry.npmjs.org/ee-first cache-miss
268 http fetch GET 200 https://registry.npmjs.org/bytes 265ms (cache updated)
269 silly packumentCache full:https://registry.npmjs.org/bytes set size:undefined disposed:false
270 silly fetch manifest forwarded@0.2.0
271 silly packumentCache full:https://registry.npmjs.org/forwarded cache-miss
272 http fetch GET 200 https://registry.npmjs.org/ms 223ms (cache updated)
273 silly packumentCache full:https://registry.npmjs.org/ms set size:undefined disposed:false
274 silly fetch manifest ipaddr.js@1.9.1
275 silly packumentCache full:https://registry.npmjs.org/ipaddr.js cache-miss
276 http fetch GET 200 https://registry.npmjs.org/raw-body 272ms (cache updated)
277 silly packumentCache full:https://registry.npmjs.org/raw-body set size:undefined disposed:false
278 silly fetch manifest side-channel@^1.0.6
279 silly packumentCache full:https://registry.npmjs.org/side-channel cache-miss
280 http fetch GET 200 https://registry.npmjs.org/unpipe 179ms (cache updated)
281 silly packumentCache full:https://registry.npmjs.org/unpipe set size:undefined disposed:false
282 silly fetch manifest ms@2.1.3
283 silly packumentCache full:https://registry.npmjs.org/ms cache-miss
284 http cache https://registry.npmjs.org/ms 19ms (cache hit)
285 silly packumentCache full:https://registry.npmjs.org/ms set size:84883 disposed:false
286 silly fetch manifest mime@1.6.0
287 silly packumentCache full:https://registry.npmjs.org/mime cache-miss
288 http fetch GET 200 https://registry.npmjs.org/toidentifier 220ms (cache updated)
289 silly packumentCache full:https://registry.npmjs.org/toidentifier set size:undefined disposed:false
290 silly fetch manifest encodeurl@~1.0.2
291 silly packumentCache full:https://registry.npmjs.org/encodeurl cache-miss
292 http fetch GET 200 https://registry.npmjs.org/inherits 229ms (cache updated)
293 silly packumentCache full:https://registry.npmjs.org/inherits set size:undefined disposed:false
294 silly fetch manifest mime-types@~2.1.24
295 silly packumentCache full:https://registry.npmjs.org/mime-types cache-hit
296 silly fetch manifest media-typer@0.3.0
297 silly packumentCache full:https://registry.npmjs.org/media-typer cache-miss
298 http fetch GET 200 https://registry.npmjs.org/side-channel 212ms (cache updated)
299 silly packumentCache full:https://registry.npmjs.org/side-channel set size:undefined disposed:false
300 http fetch GET 200 https://registry.npmjs.org/forwarded 235ms (cache updated)
301 silly packumentCache full:https://registry.npmjs.org/forwarded set size:undefined disposed:false
302 http cache https://registry.npmjs.org/encodeurl 25ms (cache hit)
303 silly packumentCache full:https://registry.npmjs.org/encodeurl set size:12296 disposed:false
304 http fetch GET 200 https://registry.npmjs.org/ee-first 296ms (cache updated)
305 silly packumentCache full:https://registry.npmjs.org/ee-first set size:undefined disposed:false
306 http fetch GET 200 https://registry.npmjs.org/ipaddr.js 335ms (cache updated)
307 silly packumentCache full:https://registry.npmjs.org/ipaddr.js set size:undefined disposed:false
308 http fetch GET 200 https://registry.npmjs.org/mime 214ms (cache updated)
309 silly packumentCache full:https://registry.npmjs.org/mime set size:undefined disposed:false
310 http fetch GET 200 https://registry.npmjs.org/media-typer 185ms (cache updated)
311 silly packumentCache full:https://registry.npmjs.org/media-typer set size:undefined disposed:false
312 silly placeDep ROOT mime-types@2.1.35 OK for: accepts@1.3.8 want: ~2.1.34
313 silly placeDep ROOT negotiator@0.6.3 OK for: accepts@1.3.8 want: 0.6.3
314 silly fetch manifest mime-db@1.52.0
315 silly packumentCache full:https://registry.npmjs.org/mime-db cache-miss
316 http fetch GET 200 https://registry.npmjs.org/mime-db 219ms (cache updated)
317 silly packumentCache full:https://registry.npmjs.org/mime-db set size:undefined disposed:false
318 silly placeDep ROOT bytes@3.1.2 OK for: body-parser@1.20.3 want: 3.1.2
319 silly placeDep ROOT destroy@1.2.0 OK for: body-parser@1.20.3 want: 1.2.0
320 silly placeDep ROOT iconv-lite@0.4.24 OK for: body-parser@1.20.3 want: 0.4.24
321 silly placeDep ROOT raw-body@2.5.2 OK for: body-parser@1.20.3 want: 2.5.2
322 silly placeDep ROOT unpipe@1.0.0 OK for: body-parser@1.20.3 want: 1.0.0
323 silly fetch manifest safer-buffer@>= 2.1.2 < 3
324 silly packumentCache full:https://registry.npmjs.org/safer-buffer cache-miss
325 http fetch GET 200 https://registry.npmjs.org/safer-buffer 185ms (cache updated)
326 silly packumentCache full:https://registry.npmjs.org/safer-buffer set size:undefined disposed:false
327 silly placeDep ROOT ms@2.0.0 OK for: debug@2.6.9 want: 2.0.0
328 silly placeDep ROOT asynckit@0.4.0 OK for: form-data@4.0.2 want: ^0.4.0
329 silly placeDep ROOT combined-stream@1.0.8 OK for: form-data@4.0.2 want: ^1.0.8
330 silly placeDep ROOT es-set-tostringtag@2.1.0 OK for: form-data@4.0.2 want: ^2.1.0
331 silly fetch manifest delayed-stream@~1.0.0
332 silly packumentCache full:https://registry.npmjs.org/delayed-stream cache-miss
333 silly fetch manifest es-errors@^1.3.0
334 silly packumentCache full:https://registry.npmjs.org/es-errors cache-miss
335 silly fetch manifest get-intrinsic@^1.2.6
336 silly packumentCache full:https://registry.npmjs.org/get-intrinsic cache-miss
337 silly fetch manifest has-tostringtag@^1.0.2
338 silly packumentCache full:https://registry.npmjs.org/has-tostringtag cache-miss
339 silly fetch manifest hasown@^2.0.2
340 silly packumentCache full:https://registry.npmjs.org/hasown cache-miss
341 http fetch GET 200 https://registry.npmjs.org/delayed-stream 219ms (cache updated)
342 silly packumentCache full:https://registry.npmjs.org/delayed-stream set size:undefined disposed:false
343 http fetch GET 200 https://registry.npmjs.org/has-tostringtag 220ms (cache updated)
344 silly packumentCache full:https://registry.npmjs.org/has-tostringtag set size:undefined disposed:false
345 http fetch GET 200 https://registry.npmjs.org/es-errors 232ms (cache updated)
346 silly packumentCache full:https://registry.npmjs.org/es-errors set size:undefined disposed:false
347 http fetch GET 200 https://registry.npmjs.org/hasown 231ms (cache updated)
348 silly packumentCache full:https://registry.npmjs.org/hasown set size:undefined disposed:false
349 http fetch GET 200 https://registry.npmjs.org/get-intrinsic 237ms (cache updated)
350 silly packumentCache full:https://registry.npmjs.org/get-intrinsic set size:undefined disposed:false
351 silly placeDep ROOT delayed-stream@1.0.0 OK for: combined-stream@1.0.8 want: ~1.0.0
352 silly placeDep ROOT es-errors@1.3.0 OK for: es-set-tostringtag@2.1.0 want: ^1.3.0
353 silly placeDep ROOT get-intrinsic@1.3.0 OK for: es-set-tostringtag@2.1.0 want: ^1.2.6
354 silly placeDep ROOT has-tostringtag@1.0.2 OK for: es-set-tostringtag@2.1.0 want: ^1.0.2
355 silly placeDep ROOT hasown@2.0.2 OK for: es-set-tostringtag@2.1.0 want: ^2.0.2
356 silly fetch manifest call-bind-apply-helpers@^1.0.2
357 silly packumentCache full:https://registry.npmjs.org/call-bind-apply-helpers cache-miss
358 silly fetch manifest es-define-property@^1.0.1
359 silly packumentCache full:https://registry.npmjs.org/es-define-property cache-miss
360 silly fetch manifest es-object-atoms@^1.1.1
361 silly packumentCache full:https://registry.npmjs.org/es-object-atoms cache-miss
362 silly fetch manifest function-bind@^1.1.2
363 silly packumentCache full:https://registry.npmjs.org/function-bind cache-miss
364 silly fetch manifest get-proto@^1.0.1
365 silly packumentCache full:https://registry.npmjs.org/get-proto cache-miss
366 silly fetch manifest gopd@^1.2.0
367 silly packumentCache full:https://registry.npmjs.org/gopd cache-miss
368 silly fetch manifest has-symbols@^1.1.0
369 silly packumentCache full:https://registry.npmjs.org/has-symbols cache-miss
370 http fetch GET 200 https://registry.npmjs.org/es-define-property 193ms (cache updated)
371 silly packumentCache full:https://registry.npmjs.org/es-define-property set size:undefined disposed:false
372 silly fetch manifest math-intrinsics@^1.1.0
373 silly packumentCache full:https://registry.npmjs.org/math-intrinsics cache-miss
374 http fetch GET 200 https://registry.npmjs.org/function-bind 197ms (cache updated)
375 silly packumentCache full:https://registry.npmjs.org/function-bind set size:undefined disposed:false
376 silly fetch manifest has-symbols@^1.0.3
377 silly packumentCache full:https://registry.npmjs.org/has-symbols cache-miss
378 http fetch GET 200 https://registry.npmjs.org/es-object-atoms 222ms (cache updated)
379 silly packumentCache full:https://registry.npmjs.org/es-object-atoms set size:undefined disposed:false
380 http fetch GET 200 https://registry.npmjs.org/get-proto 318ms (cache updated)
381 silly packumentCache full:https://registry.npmjs.org/get-proto set size:undefined disposed:false
382 http fetch GET 200 https://registry.npmjs.org/gopd 320ms (cache updated)
383 silly packumentCache full:https://registry.npmjs.org/gopd set size:undefined disposed:false
384 http fetch GET 200 https://registry.npmjs.org/call-bind-apply-helpers 329ms (cache updated)
385 silly packumentCache full:https://registry.npmjs.org/call-bind-apply-helpers set size:undefined disposed:false
386 http fetch GET 200 https://registry.npmjs.org/has-symbols 324ms (cache updated)
387 silly packumentCache full:https://registry.npmjs.org/has-symbols set size:undefined disposed:false
388 http fetch GET 200 https://registry.npmjs.org/has-symbols 172ms (cache updated)
389 silly packumentCache full:https://registry.npmjs.org/has-symbols set size:undefined disposed:false
390 http fetch GET 200 https://registry.npmjs.org/math-intrinsics 184ms (cache updated)
391 silly packumentCache full:https://registry.npmjs.org/math-intrinsics set size:undefined disposed:false
392 silly placeDep ROOT call-bind-apply-helpers@1.0.2 OK for: get-intrinsic@1.3.0 want: ^1.0.2
393 silly placeDep ROOT es-define-property@1.0.1 OK for: get-intrinsic@1.3.0 want: ^1.0.1
394 silly placeDep ROOT es-object-atoms@1.1.1 OK for: get-intrinsic@1.3.0 want: ^1.1.1
395 silly placeDep ROOT function-bind@1.1.2 OK for: get-intrinsic@1.3.0 want: ^1.1.2
396 silly placeDep ROOT get-proto@1.0.1 OK for: get-intrinsic@1.3.0 want: ^1.0.1
397 silly placeDep ROOT gopd@1.2.0 OK for: get-intrinsic@1.3.0 want: ^1.2.0
398 silly placeDep ROOT has-symbols@1.1.0 OK for: get-intrinsic@1.3.0 want: ^1.1.0
399 silly placeDep ROOT math-intrinsics@1.1.0 OK for: get-intrinsic@1.3.0 want: ^1.1.0
400 silly fetch manifest dunder-proto@^1.0.1
401 silly packumentCache full:https://registry.npmjs.org/dunder-proto cache-miss
402 http fetch GET 200 https://registry.npmjs.org/dunder-proto 179ms (cache updated)
403 silly packumentCache full:https://registry.npmjs.org/dunder-proto set size:undefined disposed:false
404 silly placeDep ROOT dunder-proto@1.0.1 OK for: get-proto@1.0.1 want: ^1.0.1
405 silly placeDep ROOT inherits@2.0.4 OK for: http-errors@2.0.0 want: 2.0.4
406 silly placeDep ROOT toidentifier@1.0.1 OK for: http-errors@2.0.0 want: 1.0.1
407 silly placeDep ROOT safer-buffer@2.1.2 OK for: iconv-lite@0.4.24 want: >= 2.1.2 < 3
408 silly placeDep ROOT mime-db@1.52.0 OK for: mime-types@2.1.35 want: 1.52.0
409 silly placeDep ROOT ee-first@1.1.1 OK for: on-finished@2.4.1 want: 1.1.1
410 silly placeDep ROOT forwarded@0.2.0 OK for: proxy-addr@2.0.7 want: 0.2.0
411 silly placeDep ROOT ipaddr.js@1.9.1 OK for: proxy-addr@2.0.7 want: 1.9.1
412 silly placeDep ROOT side-channel@1.1.0 OK for: qs@6.13.0 want: ^1.0.6
413 silly fetch manifest object-inspect@^1.13.3
414 silly packumentCache full:https://registry.npmjs.org/object-inspect cache-miss
415 silly fetch manifest side-channel-list@^1.0.0
416 silly packumentCache full:https://registry.npmjs.org/side-channel-list cache-miss
417 silly fetch manifest side-channel-map@^1.0.1
418 silly packumentCache full:https://registry.npmjs.org/side-channel-map cache-miss
419 silly fetch manifest side-channel-weakmap@^1.0.2
420 silly packumentCache full:https://registry.npmjs.org/side-channel-weakmap cache-miss
421 http fetch GET 200 https://registry.npmjs.org/side-channel-list 149ms (cache updated)
422 silly packumentCache full:https://registry.npmjs.org/side-channel-list set size:undefined disposed:false
423 http fetch GET 200 https://registry.npmjs.org/object-inspect 194ms (cache updated)
424 silly packumentCache full:https://registry.npmjs.org/object-inspect set size:undefined disposed:false
425 http fetch GET 200 https://registry.npmjs.org/side-channel-map 202ms (cache updated)
426 silly packumentCache full:https://registry.npmjs.org/side-channel-map set size:undefined disposed:false
427 http fetch GET 200 https://registry.npmjs.org/side-channel-weakmap 203ms (cache updated)
428 silly packumentCache full:https://registry.npmjs.org/side-channel-weakmap set size:undefined disposed:false
429 silly placeDep node_modules/send encodeurl@1.0.2 OK for: send@0.19.0 want: ~1.0.2
430 silly placeDep ROOT mime@1.6.0 OK for: send@0.19.0 want: 1.6.0
431 silly placeDep node_modules/send ms@2.1.3 OK for: send@0.19.0 want: 2.1.3
432 silly placeDep ROOT object-inspect@1.13.4 OK for: side-channel@1.1.0 want: ^1.13.3
433 silly placeDep ROOT side-channel-list@1.0.0 OK for: side-channel@1.1.0 want: ^1.0.0
434 silly placeDep ROOT side-channel-map@1.0.1 OK for: side-channel@1.1.0 want: ^1.0.1
435 silly placeDep ROOT side-channel-weakmap@1.0.2 OK for: side-channel@1.1.0 want: ^1.0.2
436 silly fetch manifest call-bound@^1.0.2
437 silly packumentCache full:https://registry.npmjs.org/call-bound cache-miss
438 silly fetch manifest call-bound@^1.0.2
439 silly packumentCache full:https://registry.npmjs.org/call-bound cache-miss
440 http fetch GET 200 https://registry.npmjs.org/call-bound 166ms (cache updated)
441 silly packumentCache full:https://registry.npmjs.org/call-bound set size:undefined disposed:false
442 http fetch GET 200 https://registry.npmjs.org/call-bound 185ms (cache updated)
443 silly packumentCache full:https://registry.npmjs.org/call-bound set size:undefined disposed:false
444 silly placeDep ROOT call-bound@1.0.4 OK for: side-channel-map@1.0.1 want: ^1.0.2
445 silly placeDep ROOT media-typer@0.3.0 OK for: type-is@1.6.18 want: 0.3.0
446 silly reify moves {}
447 silly audit bulk request {
447 silly audit   axios: [ '1.8.2' ],
447 silly audit   cors: [ '2.8.5' ],
447 silly audit   dotenv: [ '16.4.7' ],
447 silly audit   express: [ '4.21.2' ],
447 silly audit   'follow-redirects': [ '1.15.9' ],
447 silly audit   'form-data': [ '4.0.2' ],
447 silly audit   'proxy-from-env': [ '1.1.0' ],
447 silly audit   'object-assign': [ '4.1.1' ],
447 silly audit   vary: [ '1.1.2' ],
447 silly audit   accepts: [ '1.3.8' ],
447 silly audit   'array-flatten': [ '1.1.1' ],
447 silly audit   'body-parser': [ '1.20.3' ],
447 silly audit   'content-disposition': [ '0.5.4' ],
447 silly audit   'content-type': [ '1.0.5' ],
447 silly audit   cookie: [ '0.7.1' ],
447 silly audit   'cookie-signature': [ '1.0.6' ],
447 silly audit   debug: [ '2.6.9' ],
447 silly audit   depd: [ '2.0.0' ],
447 silly audit   encodeurl: [ '2.0.0', '1.0.2' ],
447 silly audit   'escape-html': [ '1.0.3' ],
447 silly audit   etag: [ '1.8.1' ],
447 silly audit   finalhandler: [ '1.3.1' ],
447 silly audit   fresh: [ '0.5.2' ],
447 silly audit   'http-errors': [ '2.0.0' ],
447 silly audit   'merge-descriptors': [ '1.0.3' ],
447 silly audit   methods: [ '1.1.2' ],
447 silly audit   'on-finished': [ '2.4.1' ],
447 silly audit   parseurl: [ '1.3.3' ],
447 silly audit   'path-to-regexp': [ '0.1.12' ],
447 silly audit   'proxy-addr': [ '2.0.7' ],
447 silly audit   qs: [ '6.13.0' ],
447 silly audit   'range-parser': [ '1.2.1' ],
447 silly audit   'safe-buffer': [ '5.2.1' ],
447 silly audit   send: [ '0.19.0' ],
447 silly audit   'serve-static': [ '1.16.2' ],
447 silly audit   setprototypeof: [ '1.2.0' ],
447 silly audit   statuses: [ '2.0.1' ],
447 silly audit   'type-is': [ '1.6.18' ],
447 silly audit   'utils-merge': [ '1.0.1' ],
447 silly audit   'mime-types': [ '2.1.35' ],
447 silly audit   negotiator: [ '0.6.3' ],
447 silly audit   bytes: [ '3.1.2' ],
447 silly audit   destroy: [ '1.2.0' ],
447 silly audit   'iconv-lite': [ '0.4.24' ],
447 silly audit   'raw-body': [ '2.5.2' ],
447 silly audit   unpipe: [ '1.0.0' ],
447 silly audit   ms: [ '2.0.0', '2.1.3' ],
447 silly audit   asynckit: [ '0.4.0' ],
447 silly audit   'combined-stream': [ '1.0.8' ],
447 silly audit   'es-set-tostringtag': [ '2.1.0' ],
447 silly audit   'delayed-stream': [ '1.0.0' ],
447 silly audit   'es-errors': [ '1.3.0' ],
447 silly audit   'get-intrinsic': [ '1.3.0' ],
447 silly audit   'has-tostringtag': [ '1.0.2' ],
447 silly audit   hasown: [ '2.0.2' ],
447 silly audit   'call-bind-apply-helpers': [ '1.0.2' ],
447 silly audit   'es-define-property': [ '1.0.1' ],
447 silly audit   'es-object-atoms': [ '1.1.1' ],
447 silly audit   'function-bind': [ '1.1.2' ],
447 silly audit   'get-proto': [ '1.0.1' ],
447 silly audit   gopd: [ '1.2.0' ],
447 silly audit   'has-symbols': [ '1.1.0' ],
447 silly audit   'math-intrinsics': [ '1.1.0' ],
447 silly audit   'dunder-proto': [ '1.0.1' ],
447 silly audit   inherits: [ '2.0.4' ],
447 silly audit   toidentifier: [ '1.0.1' ],
447 silly audit   'safer-buffer': [ '2.1.2' ],
447 silly audit   'mime-db': [ '1.52.0' ],
447 silly audit   'ee-first': [ '1.1.1' ],
447 silly audit   forwarded: [ '0.2.0' ],
447 silly audit   'ipaddr.js': [ '1.9.1' ],
447 silly audit   'side-channel': [ '1.1.0' ],
447 silly audit   mime: [ '1.6.0' ],
447 silly audit   'object-inspect': [ '1.13.4' ],
447 silly audit   'side-channel-list': [ '1.0.0' ],
447 silly audit   'side-channel-map': [ '1.0.1' ],
447 silly audit   'side-channel-weakmap': [ '1.0.2' ],
447 silly audit   'call-bound': [ '1.0.4' ],
447 silly audit   'media-typer': [ '0.3.0' ]
447 silly audit }
448 http cache media-typer@https://registry.npmjs.org/media-typer/-/media-typer-0.3.0.tgz 0ms (cache hit)
449 http cache call-bound@https://registry.npmjs.org/call-bound/-/call-bound-1.0.4.tgz 0ms (cache hit)
450 http cache side-channel-list@https://registry.npmjs.org/side-channel-list/-/side-channel-list-1.0.0.tgz 0ms (cache hit)
451 http cache mime@https://registry.npmjs.org/mime/-/mime-1.6.0.tgz 0ms (cache hit)
452 http cache object-inspect@https://registry.npmjs.org/object-inspect/-/object-inspect-1.13.4.tgz 0ms (cache hit)
453 http cache side-channel-weakmap@https://registry.npmjs.org/side-channel-weakmap/-/side-channel-weakmap-1.0.2.tgz 0ms (cache hit)
454 http cache side-channel@https://registry.npmjs.org/side-channel/-/side-channel-1.1.0.tgz 0ms (cache hit)
455 http cache side-channel-map@https://registry.npmjs.org/side-channel-map/-/side-channel-map-1.0.1.tgz 0ms (cache hit)
456 http cache forwarded@https://registry.npmjs.org/forwarded/-/forwarded-0.2.0.tgz 0ms (cache hit)
457 http cache ipaddr.js@https://registry.npmjs.org/ipaddr.js/-/ipaddr.js-1.9.1.tgz 0ms (cache hit)
458 http cache inherits@https://registry.npmjs.org/inherits/-/inherits-2.0.4.tgz 0ms (cache hit)
459 http cache mime-db@https://registry.npmjs.org/mime-db/-/mime-db-1.52.0.tgz 0ms (cache hit)
460 http cache safer-buffer@https://registry.npmjs.org/safer-buffer/-/safer-buffer-2.1.2.tgz 0ms (cache hit)
461 http cache ee-first@https://registry.npmjs.org/ee-first/-/ee-first-1.1.1.tgz 0ms (cache hit)
462 http cache toidentifier@https://registry.npmjs.org/toidentifier/-/toidentifier-1.0.1.tgz 0ms (cache hit)
463 http cache math-intrinsics@https://registry.npmjs.org/math-intrinsics/-/math-intrinsics-1.1.0.tgz 0ms (cache hit)
464 http cache gopd@https://registry.npmjs.org/gopd/-/gopd-1.2.0.tgz 0ms (cache hit)
465 http cache function-bind@https://registry.npmjs.org/function-bind/-/function-bind-1.1.2.tgz 0ms (cache hit)
466 http cache get-proto@https://registry.npmjs.org/get-proto/-/get-proto-1.0.1.tgz 0ms (cache hit)
467 http cache dunder-proto@https://registry.npmjs.org/dunder-proto/-/dunder-proto-1.0.1.tgz 0ms (cache hit)
468 http cache call-bind-apply-helpers@https://registry.npmjs.org/call-bind-apply-helpers/-/call-bind-apply-helpers-1.0.2.tgz 0ms (cache hit)
469 http cache es-object-atoms@https://registry.npmjs.org/es-object-atoms/-/es-object-atoms-1.1.1.tgz 0ms (cache hit)
470 http cache es-define-property@https://registry.npmjs.org/es-define-property/-/es-define-property-1.0.1.tgz 0ms (cache hit)
471 http cache has-symbols@https://registry.npmjs.org/has-symbols/-/has-symbols-1.1.0.tgz 0ms (cache hit)
472 http cache get-intrinsic@https://registry.npmjs.org/get-intrinsic/-/get-intrinsic-1.3.0.tgz 0ms (cache hit)
473 http cache has-tostringtag@https://registry.npmjs.org/has-tostringtag/-/has-tostringtag-1.0.2.tgz 0ms (cache hit)
474 http cache asynckit@https://registry.npmjs.org/asynckit/-/asynckit-0.4.0.tgz 0ms (cache hit)
475 http cache hasown@https://registry.npmjs.org/hasown/-/hasown-2.0.2.tgz 0ms (cache hit)
476 http cache ms@https://registry.npmjs.org/ms/-/ms-2.0.0.tgz 0ms (cache hit)
477 http cache es-set-tostringtag@https://registry.npmjs.org/es-set-tostringtag/-/es-set-tostringtag-2.1.0.tgz 0ms (cache hit)
478 http cache es-errors@https://registry.npmjs.org/es-errors/-/es-errors-1.3.0.tgz 0ms (cache hit)
479 http cache delayed-stream@https://registry.npmjs.org/delayed-stream/-/delayed-stream-1.0.0.tgz 0ms (cache hit)
480 http cache raw-body@https://registry.npmjs.org/raw-body/-/raw-body-2.5.2.tgz 0ms (cache hit)
481 http cache combined-stream@https://registry.npmjs.org/combined-stream/-/combined-stream-1.0.8.tgz 0ms (cache hit)
482 http cache unpipe@https://registry.npmjs.org/unpipe/-/unpipe-1.0.0.tgz 0ms (cache hit)
483 http cache bytes@https://registry.npmjs.org/bytes/-/bytes-3.1.2.tgz 0ms (cache hit)
484 http cache iconv-lite@https://registry.npmjs.org/iconv-lite/-/iconv-lite-0.4.24.tgz 0ms (cache hit)
485 http cache negotiator@https://registry.npmjs.org/negotiator/-/negotiator-0.6.3.tgz 0ms (cache hit)
486 http cache type-is@https://registry.npmjs.org/type-is/-/type-is-1.6.18.tgz 0ms (cache hit)
487 http cache serve-static@https://registry.npmjs.org/serve-static/-/serve-static-1.16.2.tgz 0ms (cache hit)
488 http cache destroy@https://registry.npmjs.org/destroy/-/destroy-1.2.0.tgz 0ms (cache hit)
489 http cache utils-merge@https://registry.npmjs.org/utils-merge/-/utils-merge-1.0.1.tgz 0ms (cache hit)
490 http cache statuses@https://registry.npmjs.org/statuses/-/statuses-2.0.1.tgz 0ms (cache hit)
491 http cache mime-types@https://registry.npmjs.org/mime-types/-/mime-types-2.1.35.tgz 0ms (cache hit)
492 http cache setprototypeof@https://registry.npmjs.org/setprototypeof/-/setprototypeof-1.2.0.tgz 0ms (cache hit)
493 http cache send@https://registry.npmjs.org/send/-/send-0.19.0.tgz 0ms (cache hit)
494 http cache qs@https://registry.npmjs.org/qs/-/qs-6.13.0.tgz 0ms (cache hit)
495 http cache range-parser@https://registry.npmjs.org/range-parser/-/range-parser-1.2.1.tgz 0ms (cache hit)
496 http cache proxy-addr@https://registry.npmjs.org/proxy-addr/-/proxy-addr-2.0.7.tgz 0ms (cache hit)
497 http cache merge-descriptors@https://registry.npmjs.org/merge-descriptors/-/merge-descriptors-1.0.3.tgz 0ms (cache hit)
498 http cache safe-buffer@https://registry.npmjs.org/safe-buffer/-/safe-buffer-5.2.1.tgz 0ms (cache hit)
499 http cache parseurl@https://registry.npmjs.org/parseurl/-/parseurl-1.3.3.tgz 0ms (cache hit)
500 http cache on-finished@https://registry.npmjs.org/on-finished/-/on-finished-2.4.1.tgz 0ms (cache hit)
501 http cache path-to-regexp@https://registry.npmjs.org/path-to-regexp/-/path-to-regexp-0.1.12.tgz 0ms (cache hit)
502 http cache http-errors@https://registry.npmjs.org/http-errors/-/http-errors-2.0.0.tgz 0ms (cache hit)
503 http cache methods@https://registry.npmjs.org/methods/-/methods-1.1.2.tgz 0ms (cache hit)
504 http cache finalhandler@https://registry.npmjs.org/finalhandler/-/finalhandler-1.3.1.tgz 0ms (cache hit)
505 http cache fresh@https://registry.npmjs.org/fresh/-/fresh-0.5.2.tgz 0ms (cache hit)
506 http cache depd@https://registry.npmjs.org/depd/-/depd-2.0.0.tgz 0ms (cache hit)
507 http cache encodeurl@https://registry.npmjs.org/encodeurl/-/encodeurl-2.0.0.tgz 0ms (cache hit)
508 http cache etag@https://registry.npmjs.org/etag/-/etag-1.8.1.tgz 0ms (cache hit)
509 http cache escape-html@https://registry.npmjs.org/escape-html/-/escape-html-1.0.3.tgz 1ms (cache hit)
510 http cache cookie-signature@https://registry.npmjs.org/cookie-signature/-/cookie-signature-1.0.6.tgz 0ms (cache hit)
511 http cache cookie@https://registry.npmjs.org/cookie/-/cookie-0.7.1.tgz 0ms (cache hit)
512 http cache debug@https://registry.npmjs.org/debug/-/debug-2.6.9.tgz 0ms (cache hit)
513 http cache content-type@https://registry.npmjs.org/content-type/-/content-type-1.0.5.tgz 0ms (cache hit)
514 http cache vary@https://registry.npmjs.org/vary/-/vary-1.1.2.tgz 0ms (cache hit)
515 http cache body-parser@https://registry.npmjs.org/body-parser/-/body-parser-1.20.3.tgz 0ms (cache hit)
516 http cache content-disposition@https://registry.npmjs.org/content-disposition/-/content-disposition-0.5.4.tgz 0ms (cache hit)
517 http cache object-assign@https://registry.npmjs.org/object-assign/-/object-assign-4.1.1.tgz 0ms (cache hit)
518 http cache array-flatten@https://registry.npmjs.org/array-flatten/-/array-flatten-1.1.1.tgz 0ms (cache hit)
519 http cache form-data@https://registry.npmjs.org/form-data/-/form-data-4.0.2.tgz 0ms (cache hit)
520 http cache follow-redirects@https://registry.npmjs.org/follow-redirects/-/follow-redirects-1.15.9.tgz 0ms (cache hit)
521 http cache accepts@https://registry.npmjs.org/accepts/-/accepts-1.3.8.tgz 0ms (cache hit)
522 http cache cors@https://registry.npmjs.org/cors/-/cors-2.8.5.tgz 0ms (cache hit)
523 http cache proxy-from-env@https://registry.npmjs.org/proxy-from-env/-/proxy-from-env-1.1.0.tgz 0ms (cache hit)
524 http cache ms@https://registry.npmjs.org/ms/-/ms-2.1.3.tgz 0ms (cache hit)
525 http cache dotenv@https://registry.npmjs.org/dotenv/-/dotenv-16.4.7.tgz 0ms (cache hit)
526 http cache encodeurl@https://registry.npmjs.org/encodeurl/-/encodeurl-1.0.2.tgz 0ms (cache hit)
527 http cache express@https://registry.npmjs.org/express/-/express-4.21.2.tgz 0ms (cache hit)
528 http cache axios@https://registry.npmjs.org/axios/-/axios-1.8.2.tgz 0ms (cache hit)
529 http fetch POST 200 https://registry.npmjs.org/-/npm/v1/security/advisories/bulk 2173ms
530 silly audit report {}
531 verbose stack Error: EACCES: permission denied, symlink '../mime/cli.js' -> '/storage/emulated/0/Documents/virtuzen-backend/node_modules/.bin/mime'
531 verbose stack     at async symlink (node:internal/fs/promises:1001:10)
531 verbose stack     at async Promise.all (index 0)
531 verbose stack     at async Promise.all (index 0)
531 verbose stack     at async #createBinLinks (/data/data/com.termux/files/usr/lib/node_modules/npm/node_modules/@npmcli/arborist/lib/arborist/rebuild.js:394:5)
531 verbose stack     at async Promise.allSettled (index 0)
531 verbose stack     at async #linkAllBins (/data/data/com.termux/files/usr/lib/node_modules/npm/node_modules/@npmcli/arborist/lib/arborist/rebuild.js:375:5)
531 verbose stack     at async #build (/data/data/com.termux/files/usr/lib/node_modules/npm/node_modules/@npmcli/arborist/lib/arborist/rebuild.js:160:7)
531 verbose stack     at async Arborist.rebuild (/data/data/com.termux/files/usr/lib/node_modules/npm/node_modules/@npmcli/arborist/lib/arborist/rebuild.js:62:5)
531 verbose stack     at async [reifyPackages] (/data/data/com.termux/files/usr/lib/node_modules/npm/node_modules/@npmcli/arborist/lib/arborist/reify.js:325:11)
531 verbose stack     at async Arborist.reify (/data/data/com.termux/files/usr/lib/node_modules/npm/node_modules/@npmcli/arborist/lib/arborist/reify.js:142:5)
532 error code EACCES
533 error syscall symlink
534 error path ../mime/cli.js
535 error dest /storage/emulated/0/Documents/virtuzen-backend/node_modules/.bin/mime
536 error errno -13
537 error Error: EACCES: permission denied, symlink '../mime/cli.js' -> '/storage/emulated/0/Documents/virtuzen-backend/node_modules/.bin/mime'
537 error     at async symlink (node:internal/fs/promises:1001:10)
537 error     at async Promise.all (index 0)
537 error     at async Promise.all (index 0)
537 error     at async #createBinLinks (/data/data/com.termux/files/usr/lib/node_modules/npm/node_modules/@npmcli/arborist/lib/arborist/rebuild.js:394:5)
537 error     at async Promise.allSettled (index 0)
537 error     at async #linkAllBins (/data/data/com.termux/files/usr/lib/node_modules/npm/node_modules/@npmcli/arborist/lib/arborist/rebuild.js:375:5)
537 error     at async #build (/data/data/com.termux/files/usr/lib/node_modules/npm/node_modules/@npmcli/arborist/lib/arborist/rebuild.js:160:7)
537 error     at async Arborist.rebuild (/data/data/com.termux/files/usr/lib/node_modules/npm/node_modules/@npmcli/arborist/lib/arborist/rebuild.js:62:5)
537 error     at async [reifyPackages] (/data/data/com.termux/files/usr/lib/node_modules/npm/node_modules/@npmcli/arborist/lib/arborist/reify.js:325:11)
537 error     at async Arborist.reify (/data/data/com.termux/files/usr/lib/node_modules/npm/node_modules/@npmcli/arborist/lib/arborist/reify.js:142:5) {
537 error   errno: -13,
537 error   code: 'EACCES',
537 error   syscall: 'symlink',
537 error   path: '../mime/cli.js',
537 error   dest: '/storage/emulated/0/Documents/virtuzen-backend/node_modules/.bin/mime'
537 error }
538 error
538 error The operation was rejected by your operating system.
538 error It is likely you do not have the permissions to access this file as the current user
538 error
538 error If you believe this might be a permissions issue, please double-check the
538 error permissions of the file and its containing directories, or try running
538 error the command again as root/Administrator.
539 silly unfinished npm timer reify 1741742818215
540 silly unfinished npm timer reify:build 1741742833021
541 silly unfinished npm timer build 1741742833026
542 silly unfinished npm timer build:deps 1741742833027
543 silly unfinished npm timer build:link 1741742833091
544 silly unfinished npm timer build:link:node_modules/mime 1741742833091
545 verbose cwd /storage/emulated/0/Documents/virtuzen-backend
546 verbose os Linux 4.19.157-perf-28692735-abA235FXXS9EYB1
547 verbose node v23.8.0
548 verbose npm  v10.9.2
549 verbose exit -13
550 verbose code -13
551 error A complete log of this run can be found in: /data/data/com.termux/files/home/.npm/_logs/2025-03-12T01_26_57_344Z-debug-0.log
