0 verbose cli /data/data/com.termux/files/usr/bin/node /data/data/com.termux/files/usr/bin/npm
1 info using npm@10.9.2
2 info using node@v22.14.0
3 silly config load:file:/data/data/com.termux/files/usr/lib/node_modules/npm/npmrc
4 silly config load:file:/data/data/com.termux/files/home/.npmrc
5 silly config load:file:/data/data/com.termux/files/usr/etc/npmrc
6 verbose title npm install bcryptjs
7 verbose argv "install" "bcryptjs"
8 verbose logfile logs-max:10 dir:/data/data/com.termux/files/home/.npm/_logs/2025-03-11T03_32_07_449Z-
9 verbose logfile /data/data/com.termux/files/home/.npm/_logs/2025-03-11T03_32_07_449Z-debug-0.log
10 silly logfile start cleaning logs, removing 1 files
11 silly packumentCache heap:1098907648 maxSize:274726912 maxEntrySize:137363456
12 silly logfile done cleaning log files
13 silly idealTree buildDeps
14 silly fetch manifest bcryptjs@^3.0.2
15 silly packumentCache full:https://registry.npmjs.org/bcryptjs cache-miss
16 http cache https://registry.npmjs.org/bcryptjs 125ms (cache hit)
17 silly packumentCache full:https://registry.npmjs.org/bcryptjs set size:77801 disposed:false
18 silly placeDep ROOT bcryptjs@3.0.2 REPLACE for: home@1.0.0 want: ^3.0.2
19 silly reify moves {}
20 silly audit bulk request {
20 silly audit   accepts: [ '1.3.8' ],
20 silly audit   'array-flatten': [ '1.1.1' ],
20 silly audit   'body-parser': [ '1.20.3' ],
20 silly audit   bytes: [ '3.1.2' ],
20 silly audit   'call-bind-apply-helpers': [ '1.0.2' ],
20 silly audit   'call-bound': [ '1.0.4' ],
20 silly audit   'content-disposition': [ '0.5.4' ],
20 silly audit   'content-type': [ '1.0.5' ],
20 silly audit   cookie: [ '0.7.1' ],
20 silly audit   'cookie-signature': [ '1.0.6' ],
20 silly audit   debug: [ '2.6.9' ],
20 silly audit   depd: [ '2.0.0' ],
20 silly audit   destroy: [ '1.2.0' ],
20 silly audit   'dunder-proto': [ '1.0.1' ],
20 silly audit   'ee-first': [ '1.1.1' ],
20 silly audit   encodeurl: [ '2.0.0', '1.0.2' ],
20 silly audit   'es-define-property': [ '1.0.1' ],
20 silly audit   'es-errors': [ '1.3.0' ],
20 silly audit   'es-object-atoms': [ '1.1.1' ],
20 silly audit   'escape-html': [ '1.0.3' ],
20 silly audit   etag: [ '1.8.1' ],
20 silly audit   express: [ '4.21.2' ],
20 silly audit   finalhandler: [ '1.3.1' ],
20 silly audit   forwarded: [ '0.2.0' ],
20 silly audit   fresh: [ '0.5.2' ],
20 silly audit   'function-bind': [ '1.1.2' ],
20 silly audit   'get-intrinsic': [ '1.3.0' ],
20 silly audit   'get-proto': [ '1.0.1' ],
20 silly audit   gopd: [ '1.2.0' ],
20 silly audit   'has-symbols': [ '1.1.0' ],
20 silly audit   hasown: [ '2.0.2' ],
20 silly audit   'http-errors': [ '2.0.0' ],
20 silly audit   'iconv-lite': [ '0.4.24' ],
20 silly audit   inherits: [ '2.0.4' ],
20 silly audit   'ipaddr.js': [ '1.9.1' ],
20 silly audit   'math-intrinsics': [ '1.1.0' ],
20 silly audit   'media-typer': [ '0.3.0' ],
20 silly audit   'merge-descriptors': [ '1.0.3' ],
20 silly audit   methods: [ '1.1.2' ],
20 silly audit   mime: [ '1.6.0' ],
20 silly audit   'mime-db': [ '1.52.0' ],
20 silly audit   'mime-types': [ '2.1.35' ],
20 silly audit   ms: [ '2.0.0', '2.1.3' ],
20 silly audit   negotiator: [ '0.6.3' ],
20 silly audit   'object-inspect': [ '1.13.4' ],
20 silly audit   'on-finished': [ '2.4.1' ],
20 silly audit   parseurl: [ '1.3.3' ],
20 silly audit   'path-to-regexp': [ '0.1.12' ],
20 silly audit   'proxy-addr': [ '2.0.7' ],
20 silly audit   qs: [ '6.13.0' ],
20 silly audit   'range-parser': [ '1.2.1' ],
20 silly audit   'raw-body': [ '2.5.2' ],
20 silly audit   'safe-buffer': [ '5.2.1' ],
20 silly audit   'safer-buffer': [ '2.1.2' ],
20 silly audit   send: [ '0.19.0' ],
20 silly audit   'serve-static': [ '1.16.2' ],
20 silly audit   setprototypeof: [ '1.2.0' ],
20 silly audit   'side-channel': [ '1.1.0' ],
20 silly audit   'side-channel-list': [ '1.0.0' ],
20 silly audit   'side-channel-map': [ '1.0.1' ],
20 silly audit   'side-channel-weakmap': [ '1.0.2' ],
20 silly audit   statuses: [ '2.0.1' ],
20 silly audit   toidentifier: [ '1.0.1' ],
20 silly audit   'type-is': [ '1.6.18' ],
20 silly audit   unpipe: [ '1.0.0' ],
20 silly audit   'utils-merge': [ '1.0.1' ],
20 silly audit   vary: [ '1.1.2' ],
20 silly audit   bcryptjs: [ '3.0.2' ]
20 silly audit }
21 http fetch POST 200 https://registry.npmjs.org/-/npm/v1/security/advisories/bulk 1642ms
22 silly audit report {}
23 verbose cwd /data/data/com.termux/files/home
24 verbose os Linux 4.19.157-perf-28692735-abA235FXXS9EYB1
25 verbose node v22.14.0
26 verbose npm  v10.9.2
27 verbose exit 0
28 info ok
