0 verbose cli /data/data/com.termux/files/usr/bin/node /data/data/com.termux/files/usr/bin/npm
1 info using npm@10.9.2
2 info using node@v23.8.0
3 silly config load:file:/data/data/com.termux/files/usr/lib/node_modules/npm/npmrc
4 silly config load:file:/data/data/com.termux/files/home/.npmrc
5 silly config load:file:/data/data/com.termux/files/usr/etc/npmrc
6 verbose title npm install http-server
7 verbose argv "install" "--global" "http-server"
8 verbose logfile logs-max:10 dir:/data/data/com.termux/files/home/.npm/_logs/2025-03-06T22_36_59_464Z-
9 verbose logfile /data/data/com.termux/files/home/.npm/_logs/2025-03-06T22_36_59_464Z-debug-0.log
10 silly packumentCache heap:1098907648 maxSize:274726912 maxEntrySize:137363456
11 silly logfile done cleaning log files
12 silly idealTree buildDeps
13 silly fetch manifest http-server@*
14 silly packumentCache full:https://registry.npmjs.org/http-server cache-miss
15 http fetch GET 200 https://registry.npmjs.org/http-server 1126ms (cache miss)
16 silly packumentCache full:https://registry.npmjs.org/http-server set size:undefined disposed:false
17 silly placeDep ROOT http-server@14.1.1 OK for:  want: *
18 silly fetch manifest he@^1.2.0
19 silly packumentCache full:https://registry.npmjs.org/he cache-miss
20 silly fetch manifest mime@^1.6.0
21 silly packumentCache full:https://registry.npmjs.org/mime cache-miss
22 silly fetch manifest chalk@^4.1.2
23 silly packumentCache full:https://registry.npmjs.org/chalk cache-miss
24 silly fetch manifest union@~0.5.0
25 silly packumentCache full:https://registry.npmjs.org/union cache-miss
26 silly fetch manifest corser@^2.0.1
27 silly packumentCache full:https://registry.npmjs.org/corser cache-miss
28 silly fetch manifest opener@^1.5.1
29 silly packumentCache full:https://registry.npmjs.org/opener cache-miss
30 silly fetch manifest minimist@^1.2.6
31 silly packumentCache full:https://registry.npmjs.org/minimist cache-miss
32 http fetch GET 200 https://registry.npmjs.org/he 297ms (cache miss)
33 silly packumentCache full:https://registry.npmjs.org/he set size:undefined disposed:false
34 silly fetch manifest url-join@^4.0.1
35 silly packumentCache full:https://registry.npmjs.org/url-join cache-miss
36 http fetch GET 200 https://registry.npmjs.org/opener 447ms (cache miss)
37 silly packumentCache full:https://registry.npmjs.org/opener set size:undefined disposed:false
38 silly fetch manifest basic-auth@^2.0.1
39 silly packumentCache full:https://registry.npmjs.org/basic-auth cache-miss
40 http fetch GET 200 https://registry.npmjs.org/corser 497ms (cache miss)
41 silly packumentCache full:https://registry.npmjs.org/corser set size:undefined disposed:false
42 silly fetch manifest http-proxy@^1.18.1
43 silly packumentCache full:https://registry.npmjs.org/http-proxy cache-miss
44 http fetch GET 200 https://registry.npmjs.org/union 512ms (cache miss)
45 silly packumentCache full:https://registry.npmjs.org/union set size:undefined disposed:false
46 silly fetch manifest portfinder@^1.0.28
47 silly packumentCache full:https://registry.npmjs.org/portfinder cache-miss
48 http fetch GET 200 https://registry.npmjs.org/url-join 227ms (cache miss)
49 silly packumentCache full:https://registry.npmjs.org/url-join set size:undefined disposed:false
50 silly fetch manifest secure-compare@3.0.1
51 silly packumentCache full:https://registry.npmjs.org/secure-compare cache-miss
52 http fetch GET 200 https://registry.npmjs.org/chalk 539ms (cache miss)
53 silly packumentCache full:https://registry.npmjs.org/chalk set size:undefined disposed:false
54 silly fetch manifest html-encoding-sniffer@^3.0.0
55 silly packumentCache full:https://registry.npmjs.org/html-encoding-sniffer cache-miss
56 http fetch GET 200 https://registry.npmjs.org/minimist 548ms (cache miss)
57 silly packumentCache full:https://registry.npmjs.org/minimist set size:undefined disposed:false
58 http fetch GET 200 https://registry.npmjs.org/mime 569ms (cache miss)
59 silly packumentCache full:https://registry.npmjs.org/mime set size:undefined disposed:false
60 http fetch GET 200 https://registry.npmjs.org/basic-auth 164ms (cache miss)
61 silly packumentCache full:https://registry.npmjs.org/basic-auth set size:undefined disposed:false
62 http fetch GET 200 https://registry.npmjs.org/secure-compare 161ms (cache miss)
63 silly packumentCache full:https://registry.npmjs.org/secure-compare set size:undefined disposed:false
64 http fetch GET 200 https://registry.npmjs.org/http-proxy 192ms (cache miss)
65 silly packumentCache full:https://registry.npmjs.org/http-proxy set size:undefined disposed:false
66 http fetch GET 200 https://registry.npmjs.org/portfinder 187ms (cache miss)
67 silly packumentCache full:https://registry.npmjs.org/portfinder set size:undefined disposed:false
68 http fetch GET 200 https://registry.npmjs.org/html-encoding-sniffer 827ms (cache miss)
69 silly packumentCache full:https://registry.npmjs.org/html-encoding-sniffer set size:undefined disposed:false
70 silly placeDep node_modules/http-server basic-auth@2.0.1 OK for: http-server@14.1.1 want: ^2.0.1
71 silly placeDep node_modules/http-server chalk@4.1.2 OK for: http-server@14.1.1 want: ^4.1.2
72 silly placeDep node_modules/http-server corser@2.0.1 OK for: http-server@14.1.1 want: ^2.0.1
73 silly placeDep node_modules/http-server he@1.2.0 OK for: http-server@14.1.1 want: ^1.2.0
74 silly placeDep node_modules/http-server html-encoding-sniffer@3.0.0 OK for: http-server@14.1.1 want: ^3.0.0
75 silly placeDep node_modules/http-server http-proxy@1.18.1 OK for: http-server@14.1.1 want: ^1.18.1
76 silly placeDep node_modules/http-server mime@1.6.0 OK for: http-server@14.1.1 want: ^1.6.0
77 silly placeDep node_modules/http-server minimist@1.2.8 OK for: http-server@14.1.1 want: ^1.2.6
78 silly placeDep node_modules/http-server opener@1.5.2 OK for: http-server@14.1.1 want: ^1.5.1
79 silly placeDep node_modules/http-server portfinder@1.0.33 OK for: http-server@14.1.1 want: ^1.0.28
80 silly placeDep node_modules/http-server secure-compare@3.0.1 OK for: http-server@14.1.1 want: 3.0.1
81 silly placeDep node_modules/http-server union@0.5.0 OK for: http-server@14.1.1 want: ~0.5.0
82 silly placeDep node_modules/http-server url-join@4.0.1 OK for: http-server@14.1.1 want: ^4.0.1
83 silly fetch manifest safe-buffer@5.1.2
84 silly packumentCache full:https://registry.npmjs.org/safe-buffer cache-miss
85 silly fetch manifest ansi-styles@^4.1.0
86 silly packumentCache full:https://registry.npmjs.org/ansi-styles cache-miss
87 silly fetch manifest supports-color@^7.1.0
88 silly packumentCache full:https://registry.npmjs.org/supports-color cache-miss
89 silly fetch manifest whatwg-encoding@^2.0.0
90 silly packumentCache full:https://registry.npmjs.org/whatwg-encoding cache-miss
91 silly fetch manifest eventemitter3@^4.0.0
92 silly packumentCache full:https://registry.npmjs.org/eventemitter3 cache-miss
93 silly fetch manifest requires-port@^1.0.0
94 silly packumentCache full:https://registry.npmjs.org/requires-port cache-miss
95 silly fetch manifest follow-redirects@^1.0.0
96 silly packumentCache full:https://registry.npmjs.org/follow-redirects cache-miss
97 http fetch GET 200 https://registry.npmjs.org/whatwg-encoding 244ms (cache miss)
98 silly packumentCache full:https://registry.npmjs.org/whatwg-encoding set size:undefined disposed:false
99 silly fetch manifest async@^2.6.4
100 silly packumentCache full:https://registry.npmjs.org/async cache-miss
101 http fetch GET 200 https://registry.npmjs.org/safe-buffer 254ms (cache miss)
102 silly packumentCache full:https://registry.npmjs.org/safe-buffer set size:undefined disposed:false
103 silly fetch manifest debug@^3.2.7
104 silly packumentCache full:https://registry.npmjs.org/debug cache-miss
105 http fetch GET 200 https://registry.npmjs.org/ansi-styles 268ms (cache miss)
106 silly packumentCache full:https://registry.npmjs.org/ansi-styles set size:undefined disposed:false
107 silly fetch manifest mkdirp@^0.5.6
108 silly packumentCache full:https://registry.npmjs.org/mkdirp cache-miss
109 http fetch GET 200 https://registry.npmjs.org/requires-port 274ms (cache miss)
110 silly packumentCache full:https://registry.npmjs.org/requires-port set size:undefined disposed:false
111 silly fetch manifest qs@^6.4.0
112 silly packumentCache full:https://registry.npmjs.org/qs cache-miss
113 http fetch GET 200 https://registry.npmjs.org/follow-redirects 282ms (cache miss)
114 silly packumentCache full:https://registry.npmjs.org/follow-redirects set size:undefined disposed:false
115 http fetch GET 200 https://registry.npmjs.org/eventemitter3 293ms (cache miss)
116 silly packumentCache full:https://registry.npmjs.org/eventemitter3 set size:undefined disposed:false
117 http fetch GET 200 https://registry.npmjs.org/supports-color 302ms (cache miss)
118 silly packumentCache full:https://registry.npmjs.org/supports-color set size:undefined disposed:false
119 http fetch GET 200 https://registry.npmjs.org/async 179ms (cache miss)
120 silly packumentCache full:https://registry.npmjs.org/async set size:undefined disposed:false
121 http fetch GET 200 https://registry.npmjs.org/debug 191ms (cache miss)
122 silly packumentCache full:https://registry.npmjs.org/debug set size:undefined disposed:false
123 http fetch GET 200 https://registry.npmjs.org/mkdirp 194ms (cache miss)
124 silly packumentCache full:https://registry.npmjs.org/mkdirp set size:undefined disposed:false
125 http fetch GET 200 https://registry.npmjs.org/qs 196ms (cache miss)
126 silly packumentCache full:https://registry.npmjs.org/qs set size:undefined disposed:false
127 silly placeDep node_modules/http-server safe-buffer@5.1.2 OK for: basic-auth@2.0.1 want: 5.1.2
128 silly placeDep node_modules/http-server ansi-styles@4.3.0 OK for: chalk@4.1.2 want: ^4.1.0
129 silly placeDep node_modules/http-server supports-color@7.2.0 OK for: chalk@4.1.2 want: ^7.1.0
130 silly fetch manifest color-convert@^2.0.1
131 silly packumentCache full:https://registry.npmjs.org/color-convert cache-miss
132 silly fetch manifest has-flag@^4.0.0
133 silly packumentCache full:https://registry.npmjs.org/has-flag cache-miss
134 http fetch GET 200 https://registry.npmjs.org/has-flag 161ms (cache miss)
135 silly packumentCache full:https://registry.npmjs.org/has-flag set size:undefined disposed:false
136 http fetch GET 200 https://registry.npmjs.org/color-convert 167ms (cache miss)
137 silly packumentCache full:https://registry.npmjs.org/color-convert set size:undefined disposed:false
138 silly placeDep node_modules/http-server color-convert@2.0.1 OK for: ansi-styles@4.3.0 want: ^2.0.1
139 silly fetch manifest color-name@~1.1.4
140 silly packumentCache full:https://registry.npmjs.org/color-name cache-miss
141 http fetch GET 200 https://registry.npmjs.org/color-name 171ms (cache miss)
142 silly packumentCache full:https://registry.npmjs.org/color-name set size:undefined disposed:false
143 silly placeDep node_modules/http-server color-name@1.1.4 OK for: color-convert@2.0.1 want: ~1.1.4
144 silly placeDep node_modules/http-server whatwg-encoding@2.0.0 OK for: html-encoding-sniffer@3.0.0 want: ^2.0.0
145 silly fetch manifest iconv-lite@0.6.3
146 silly packumentCache full:https://registry.npmjs.org/iconv-lite cache-miss
147 http fetch GET 200 https://registry.npmjs.org/iconv-lite 264ms (cache miss)
148 silly packumentCache full:https://registry.npmjs.org/iconv-lite set size:undefined disposed:false
149 silly placeDep node_modules/http-server eventemitter3@4.0.7 OK for: http-proxy@1.18.1 want: ^4.0.0
150 silly placeDep node_modules/http-server follow-redirects@1.15.9 OK for: http-proxy@1.18.1 want: ^1.0.0
151 silly placeDep node_modules/http-server requires-port@1.0.0 OK for: http-proxy@1.18.1 want: ^1.0.0
152 silly placeDep node_modules/http-server async@2.6.4 OK for: portfinder@1.0.33 want: ^2.6.4
153 silly placeDep node_modules/http-server debug@3.2.7 OK for: portfinder@1.0.33 want: ^3.2.7
154 silly placeDep node_modules/http-server mkdirp@0.5.6 OK for: portfinder@1.0.33 want: ^0.5.6
155 silly fetch manifest lodash@^4.17.14
156 silly packumentCache full:https://registry.npmjs.org/lodash cache-miss
157 silly fetch manifest ms@^2.1.1
158 silly packumentCache full:https://registry.npmjs.org/ms cache-miss
159 http fetch GET 200 https://registry.npmjs.org/ms 214ms (cache miss)
160 silly packumentCache full:https://registry.npmjs.org/ms set size:undefined disposed:false
161 http fetch GET 200 https://registry.npmjs.org/lodash 228ms (cache miss)
162 silly packumentCache full:https://registry.npmjs.org/lodash set size:undefined disposed:false
163 silly placeDep node_modules/http-server lodash@4.17.21 OK for: async@2.6.4 want: ^4.17.14
164 silly placeDep node_modules/http-server ms@2.1.3 OK for: debug@3.2.7 want: ^2.1.1
165 silly placeDep node_modules/http-server has-flag@4.0.0 OK for: supports-color@7.2.0 want: ^4.0.0
166 silly placeDep node_modules/http-server qs@6.14.0 OK for: union@0.5.0 want: ^6.4.0
167 silly fetch manifest side-channel@^1.1.0
168 silly packumentCache full:https://registry.npmjs.org/side-channel cache-miss
169 http fetch GET 200 https://registry.npmjs.org/side-channel 173ms (cache miss)
170 silly packumentCache full:https://registry.npmjs.org/side-channel set size:undefined disposed:false
171 silly placeDep node_modules/http-server side-channel@1.1.0 OK for: qs@6.14.0 want: ^1.1.0
172 silly fetch manifest es-errors@^1.3.0
173 silly packumentCache full:https://registry.npmjs.org/es-errors cache-miss
174 silly fetch manifest object-inspect@^1.13.3
175 silly packumentCache full:https://registry.npmjs.org/object-inspect cache-miss
176 silly fetch manifest side-channel-list@^1.0.0
177 silly packumentCache full:https://registry.npmjs.org/side-channel-list cache-miss
178 silly fetch manifest side-channel-map@^1.0.1
179 silly packumentCache full:https://registry.npmjs.org/side-channel-map cache-miss
180 silly fetch manifest side-channel-weakmap@^1.0.2
181 silly packumentCache full:https://registry.npmjs.org/side-channel-weakmap cache-miss
182 http fetch GET 200 https://registry.npmjs.org/side-channel-list 190ms (cache miss)
183 silly packumentCache full:https://registry.npmjs.org/side-channel-list set size:undefined disposed:false
184 http fetch GET 200 https://registry.npmjs.org/side-channel-map 191ms (cache miss)
185 silly packumentCache full:https://registry.npmjs.org/side-channel-map set size:undefined disposed:false
186 http fetch GET 200 https://registry.npmjs.org/es-errors 200ms (cache miss)
187 silly packumentCache full:https://registry.npmjs.org/es-errors set size:undefined disposed:false
188 http fetch GET 200 https://registry.npmjs.org/object-inspect 203ms (cache miss)
189 silly packumentCache full:https://registry.npmjs.org/object-inspect set size:undefined disposed:false
190 http fetch GET 200 https://registry.npmjs.org/side-channel-weakmap 211ms (cache miss)
191 silly packumentCache full:https://registry.npmjs.org/side-channel-weakmap set size:undefined disposed:false
192 silly placeDep node_modules/http-server es-errors@1.3.0 OK for: side-channel@1.1.0 want: ^1.3.0
193 silly placeDep node_modules/http-server object-inspect@1.13.4 OK for: side-channel@1.1.0 want: ^1.13.3
194 silly placeDep node_modules/http-server side-channel-list@1.0.0 OK for: side-channel@1.1.0 want: ^1.0.0
195 silly placeDep node_modules/http-server side-channel-map@1.0.1 OK for: side-channel@1.1.0 want: ^1.0.1
196 silly placeDep node_modules/http-server side-channel-weakmap@1.0.2 OK for: side-channel@1.1.0 want: ^1.0.2
197 silly fetch manifest call-bound@^1.0.2
198 silly packumentCache full:https://registry.npmjs.org/call-bound cache-miss
199 silly fetch manifest get-intrinsic@^1.2.5
200 silly packumentCache full:https://registry.npmjs.org/get-intrinsic cache-miss
201 silly fetch manifest call-bound@^1.0.2
202 silly packumentCache full:https://registry.npmjs.org/call-bound cache-miss
203 silly fetch manifest get-intrinsic@^1.2.5
204 silly packumentCache full:https://registry.npmjs.org/get-intrinsic cache-miss
205 http fetch GET 200 https://registry.npmjs.org/call-bound 171ms (cache miss)
206 silly packumentCache full:https://registry.npmjs.org/call-bound set size:undefined disposed:false
207 http fetch GET 200 https://registry.npmjs.org/call-bound 177ms (cache miss)
208 silly packumentCache full:https://registry.npmjs.org/call-bound set size:undefined disposed:false
209 http fetch GET 200 https://registry.npmjs.org/get-intrinsic 180ms (cache miss)
210 silly packumentCache full:https://registry.npmjs.org/get-intrinsic set size:undefined disposed:false
211 http fetch GET 200 https://registry.npmjs.org/get-intrinsic 184ms (cache miss)
212 silly packumentCache full:https://registry.npmjs.org/get-intrinsic set size:undefined disposed:false
213 silly placeDep node_modules/http-server call-bound@1.0.4 OK for: side-channel-map@1.0.1 want: ^1.0.2
214 silly placeDep node_modules/http-server get-intrinsic@1.3.0 OK for: side-channel-map@1.0.1 want: ^1.2.5
215 silly fetch manifest call-bind-apply-helpers@^1.0.2
216 silly packumentCache full:https://registry.npmjs.org/call-bind-apply-helpers cache-miss
217 silly fetch manifest get-intrinsic@^1.3.0
218 silly packumentCache full:https://registry.npmjs.org/get-intrinsic cache-miss
219 silly fetch manifest call-bind-apply-helpers@^1.0.2
220 silly packumentCache full:https://registry.npmjs.org/call-bind-apply-helpers cache-miss
221 silly fetch manifest es-define-property@^1.0.1
222 silly packumentCache full:https://registry.npmjs.org/es-define-property cache-miss
223 silly fetch manifest es-object-atoms@^1.1.1
224 silly packumentCache full:https://registry.npmjs.org/es-object-atoms cache-miss
225 silly fetch manifest function-bind@^1.1.2
226 silly packumentCache full:https://registry.npmjs.org/function-bind cache-miss
227 silly fetch manifest get-proto@^1.0.1
228 silly packumentCache full:https://registry.npmjs.org/get-proto cache-miss
229 http cache https://registry.npmjs.org/get-intrinsic 37ms (cache hit)
230 silly packumentCache full:https://registry.npmjs.org/get-intrinsic set size:57687 disposed:false
231 silly fetch manifest gopd@^1.2.0
232 silly packumentCache full:https://registry.npmjs.org/gopd cache-miss
233 http fetch GET 200 https://registry.npmjs.org/es-object-atoms 151ms (cache miss)
234 silly packumentCache full:https://registry.npmjs.org/es-object-atoms set size:undefined disposed:false
235 silly fetch manifest has-symbols@^1.1.0
236 silly packumentCache full:https://registry.npmjs.org/has-symbols cache-miss
237 http fetch GET 200 https://registry.npmjs.org/es-define-property 169ms (cache miss)
238 silly packumentCache full:https://registry.npmjs.org/es-define-property set size:undefined disposed:false
239 silly fetch manifest hasown@^2.0.2
240 silly packumentCache full:https://registry.npmjs.org/hasown cache-miss
241 http fetch GET 200 https://registry.npmjs.org/function-bind 198ms (cache miss)
242 silly packumentCache full:https://registry.npmjs.org/function-bind set size:undefined disposed:false
243 silly fetch manifest math-intrinsics@^1.1.0
244 silly packumentCache full:https://registry.npmjs.org/math-intrinsics cache-miss
245 http fetch GET 200 https://registry.npmjs.org/call-bind-apply-helpers 204ms (cache miss)
246 silly packumentCache full:https://registry.npmjs.org/call-bind-apply-helpers set size:undefined disposed:false
247 http fetch GET 200 https://registry.npmjs.org/get-proto 203ms (cache miss)
248 silly packumentCache full:https://registry.npmjs.org/get-proto set size:undefined disposed:false
249 http fetch GET 200 https://registry.npmjs.org/call-bind-apply-helpers 212ms (cache miss)
250 silly packumentCache full:https://registry.npmjs.org/call-bind-apply-helpers set size:undefined disposed:false
251 http fetch GET 200 https://registry.npmjs.org/gopd 173ms (cache miss)
252 silly packumentCache full:https://registry.npmjs.org/gopd set size:undefined disposed:false
253 http fetch GET 200 https://registry.npmjs.org/hasown 130ms (cache miss)
254 silly packumentCache full:https://registry.npmjs.org/hasown set size:undefined disposed:false
255 http fetch GET 200 https://registry.npmjs.org/math-intrinsics 164ms (cache miss)
256 silly packumentCache full:https://registry.npmjs.org/math-intrinsics set size:undefined disposed:false
257 http fetch GET 200 https://registry.npmjs.org/has-symbols 267ms (cache miss)
258 silly packumentCache full:https://registry.npmjs.org/has-symbols set size:undefined disposed:false
259 silly placeDep node_modules/http-server call-bind-apply-helpers@1.0.2 OK for: call-bound@1.0.4 want: ^1.0.2
260 silly placeDep node_modules/http-server function-bind@1.1.2 OK for: call-bind-apply-helpers@1.0.2 want: ^1.1.2
261 silly placeDep node_modules/http-server es-define-property@1.0.1 OK for: get-intrinsic@1.3.0 want: ^1.0.1
262 silly placeDep node_modules/http-server es-object-atoms@1.1.1 OK for: get-intrinsic@1.3.0 want: ^1.1.1
263 silly placeDep node_modules/http-server get-proto@1.0.1 OK for: get-intrinsic@1.3.0 want: ^1.0.1
264 silly placeDep node_modules/http-server gopd@1.2.0 OK for: get-intrinsic@1.3.0 want: ^1.2.0
265 silly placeDep node_modules/http-server has-symbols@1.1.0 OK for: get-intrinsic@1.3.0 want: ^1.1.0
266 silly placeDep node_modules/http-server hasown@2.0.2 OK for: get-intrinsic@1.3.0 want: ^2.0.2
267 silly placeDep node_modules/http-server math-intrinsics@1.1.0 OK for: get-intrinsic@1.3.0 want: ^1.1.0
268 silly fetch manifest dunder-proto@^1.0.1
269 silly packumentCache full:https://registry.npmjs.org/dunder-proto cache-miss
270 http fetch GET 200 https://registry.npmjs.org/dunder-proto 146ms (cache miss)
271 silly packumentCache full:https://registry.npmjs.org/dunder-proto set size:undefined disposed:false
272 silly placeDep node_modules/http-server dunder-proto@1.0.1 OK for: get-proto@1.0.1 want: ^1.0.1
273 silly placeDep node_modules/http-server iconv-lite@0.6.3 OK for: whatwg-encoding@2.0.0 want: 0.6.3
274 silly fetch manifest safer-buffer@>= 2.1.2 < 3.0.0
275 silly packumentCache full:https://registry.npmjs.org/safer-buffer cache-miss
276 http fetch GET 200 https://registry.npmjs.org/safer-buffer 190ms (cache miss)
277 silly packumentCache full:https://registry.npmjs.org/safer-buffer set size:undefined disposed:false
278 silly placeDep node_modules/http-server safer-buffer@2.1.2 OK for: iconv-lite@0.6.3 want: >= 2.1.2 < 3.0.0
279 silly reify moves {}
280 http cache safer-buffer@https://registry.npmjs.org/safer-buffer/-/safer-buffer-2.1.2.tgz 0ms (cache hit)
281 http cache http-server@https://registry.npmjs.org/http-server/-/http-server-14.1.1.tgz 0ms (cache hit)
282 http cache iconv-lite@https://registry.npmjs.org/iconv-lite/-/iconv-lite-0.6.3.tgz 1ms (cache hit)
283 http cache dunder-proto@https://registry.npmjs.org/dunder-proto/-/dunder-proto-1.0.1.tgz 1ms (cache hit)
284 http cache hasown@https://registry.npmjs.org/hasown/-/hasown-2.0.2.tgz 0ms (cache hit)
285 http cache math-intrinsics@https://registry.npmjs.org/math-intrinsics/-/math-intrinsics-1.1.0.tgz 0ms (cache hit)
286 http cache has-symbols@https://registry.npmjs.org/has-symbols/-/has-symbols-1.1.0.tgz 2ms (cache hit)
287 http cache gopd@https://registry.npmjs.org/gopd/-/gopd-1.2.0.tgz 0ms (cache hit)
288 http cache get-proto@https://registry.npmjs.org/get-proto/-/get-proto-1.0.1.tgz 0ms (cache hit)
289 http cache es-object-atoms@https://registry.npmjs.org/es-object-atoms/-/es-object-atoms-1.1.1.tgz 0ms (cache hit)
290 http cache function-bind@https://registry.npmjs.org/function-bind/-/function-bind-1.1.2.tgz 1ms (cache hit)
291 http cache call-bind-apply-helpers@https://registry.npmjs.org/call-bind-apply-helpers/-/call-bind-apply-helpers-1.0.2.tgz 0ms (cache hit)
292 http cache get-intrinsic@https://registry.npmjs.org/get-intrinsic/-/get-intrinsic-1.3.0.tgz 0ms (cache hit)
293 http cache call-bound@https://registry.npmjs.org/call-bound/-/call-bound-1.0.4.tgz 1ms (cache hit)
294 http cache side-channel-weakmap@https://registry.npmjs.org/side-channel-weakmap/-/side-channel-weakmap-1.0.2.tgz 0ms (cache hit)
295 http cache side-channel-map@https://registry.npmjs.org/side-channel-map/-/side-channel-map-1.0.1.tgz 0ms (cache hit)
296 http cache side-channel-list@https://registry.npmjs.org/side-channel-list/-/side-channel-list-1.0.0.tgz 0ms (cache hit)
297 http cache es-errors@https://registry.npmjs.org/es-errors/-/es-errors-1.3.0.tgz 0ms (cache hit)
298 http cache object-inspect@https://registry.npmjs.org/object-inspect/-/object-inspect-1.13.4.tgz 1ms (cache hit)
299 http cache side-channel@https://registry.npmjs.org/side-channel/-/side-channel-1.1.0.tgz 0ms (cache hit)
300 http cache qs@https://registry.npmjs.org/qs/-/qs-6.14.0.tgz 0ms (cache hit)
301 http cache has-flag@https://registry.npmjs.org/has-flag/-/has-flag-4.0.0.tgz 0ms (cache hit)
302 http cache ms@https://registry.npmjs.org/ms/-/ms-2.1.3.tgz 0ms (cache hit)
303 http cache lodash@https://registry.npmjs.org/lodash/-/lodash-4.17.21.tgz 0ms (cache hit)
304 http cache mkdirp@https://registry.npmjs.org/mkdirp/-/mkdirp-0.5.6.tgz 0ms (cache hit)
305 http cache follow-redirects@https://registry.npmjs.org/follow-redirects/-/follow-redirects-1.15.9.tgz 0ms (cache hit)
306 http cache async@https://registry.npmjs.org/async/-/async-2.6.4.tgz 0ms (cache hit)
307 http cache whatwg-encoding@https://registry.npmjs.org/whatwg-encoding/-/whatwg-encoding-2.0.0.tgz 0ms (cache hit)
308 http cache color-name@https://registry.npmjs.org/color-name/-/color-name-1.1.4.tgz 0ms (cache hit)
309 http cache color-convert@https://registry.npmjs.org/color-convert/-/color-convert-2.0.1.tgz 0ms (cache hit)
310 http cache supports-color@https://registry.npmjs.org/supports-color/-/supports-color-7.2.0.tgz 0ms (cache hit)
311 http cache eventemitter3@https://registry.npmjs.org/eventemitter3/-/eventemitter3-4.0.7.tgz 0ms (cache hit)
312 http cache ansi-styles@https://registry.npmjs.org/ansi-styles/-/ansi-styles-4.3.0.tgz 1ms (cache hit)
313 http cache safe-buffer@https://registry.npmjs.org/safe-buffer/-/safe-buffer-5.1.2.tgz 0ms (cache hit)
314 http cache union@https://registry.npmjs.org/union/-/union-0.5.0.tgz 0ms (cache hit)
315 http cache url-join@https://registry.npmjs.org/url-join/-/url-join-4.0.1.tgz 0ms (cache hit)
316 http cache minimist@https://registry.npmjs.org/minimist/-/minimist-1.2.8.tgz 0ms (cache hit)
317 http cache secure-compare@https://registry.npmjs.org/secure-compare/-/secure-compare-3.0.1.tgz 0ms (cache hit)
318 http cache opener@https://registry.npmjs.org/opener/-/opener-1.5.2.tgz 0ms (cache hit)
319 http cache portfinder@https://registry.npmjs.org/portfinder/-/portfinder-1.0.33.tgz 0ms (cache hit)
320 http cache http-proxy@https://registry.npmjs.org/http-proxy/-/http-proxy-1.18.1.tgz 0ms (cache hit)
321 http cache mime@https://registry.npmjs.org/mime/-/mime-1.6.0.tgz 0ms (cache hit)
322 http cache html-encoding-sniffer@https://registry.npmjs.org/html-encoding-sniffer/-/html-encoding-sniffer-3.0.0.tgz 0ms (cache hit)
323 http cache corser@https://registry.npmjs.org/corser/-/corser-2.0.1.tgz 0ms (cache hit)
324 http cache he@https://registry.npmjs.org/he/-/he-1.2.0.tgz 0ms (cache hit)
325 http cache chalk@https://registry.npmjs.org/chalk/-/chalk-4.1.2.tgz 1ms (cache hit)
326 http cache basic-auth@https://registry.npmjs.org/basic-auth/-/basic-auth-2.0.1.tgz 1ms (cache hit)
327 http cache requires-port@https://registry.npmjs.org/requires-port/-/requires-port-1.0.0.tgz 0ms (cache hit)
328 silly tarball no local data for safer-buffer@https://registry.npmjs.org/safer-buffer/-/safer-buffer-2.1.2.tgz. Extracting by manifest.
329 silly tarball no local data for http-server@https://registry.npmjs.org/http-server/-/http-server-14.1.1.tgz. Extracting by manifest.
330 silly tarball no local data for iconv-lite@https://registry.npmjs.org/iconv-lite/-/iconv-lite-0.6.3.tgz. Extracting by manifest.
331 silly tarball no local data for dunder-proto@https://registry.npmjs.org/dunder-proto/-/dunder-proto-1.0.1.tgz. Extracting by manifest.
332 silly tarball no local data for hasown@https://registry.npmjs.org/hasown/-/hasown-2.0.2.tgz. Extracting by manifest.
333 http cache debug@https://registry.npmjs.org/debug/-/debug-3.2.7.tgz 0ms (cache hit)
334 http cache es-define-property@https://registry.npmjs.org/es-define-property/-/es-define-property-1.0.1.tgz 0ms (cache hit)
335 silly tarball no local data for math-intrinsics@https://registry.npmjs.org/math-intrinsics/-/math-intrinsics-1.1.0.tgz. Extracting by manifest.
336 silly tarball no local data for has-symbols@https://registry.npmjs.org/has-symbols/-/has-symbols-1.1.0.tgz. Extracting by manifest.
337 silly tarball no local data for gopd@https://registry.npmjs.org/gopd/-/gopd-1.2.0.tgz. Extracting by manifest.
338 silly tarball no local data for get-proto@https://registry.npmjs.org/get-proto/-/get-proto-1.0.1.tgz. Extracting by manifest.
339 silly tarball no local data for es-object-atoms@https://registry.npmjs.org/es-object-atoms/-/es-object-atoms-1.1.1.tgz. Extracting by manifest.
340 silly tarball no local data for function-bind@https://registry.npmjs.org/function-bind/-/function-bind-1.1.2.tgz. Extracting by manifest.
341 silly tarball no local data for call-bind-apply-helpers@https://registry.npmjs.org/call-bind-apply-helpers/-/call-bind-apply-helpers-1.0.2.tgz. Extracting by manifest.
342 silly tarball no local data for get-intrinsic@https://registry.npmjs.org/get-intrinsic/-/get-intrinsic-1.3.0.tgz. Extracting by manifest.
343 silly tarball no local data for call-bound@https://registry.npmjs.org/call-bound/-/call-bound-1.0.4.tgz. Extracting by manifest.
344 silly tarball no local data for side-channel-weakmap@https://registry.npmjs.org/side-channel-weakmap/-/side-channel-weakmap-1.0.2.tgz. Extracting by manifest.
345 silly tarball no local data for side-channel-map@https://registry.npmjs.org/side-channel-map/-/side-channel-map-1.0.1.tgz. Extracting by manifest.
346 silly tarball no local data for side-channel-list@https://registry.npmjs.org/side-channel-list/-/side-channel-list-1.0.0.tgz. Extracting by manifest.
347 silly tarball no local data for es-errors@https://registry.npmjs.org/es-errors/-/es-errors-1.3.0.tgz. Extracting by manifest.
348 silly tarball no local data for object-inspect@https://registry.npmjs.org/object-inspect/-/object-inspect-1.13.4.tgz. Extracting by manifest.
349 silly tarball no local data for side-channel@https://registry.npmjs.org/side-channel/-/side-channel-1.1.0.tgz. Extracting by manifest.
350 silly tarball no local data for qs@https://registry.npmjs.org/qs/-/qs-6.14.0.tgz. Extracting by manifest.
351 silly tarball no local data for has-flag@https://registry.npmjs.org/has-flag/-/has-flag-4.0.0.tgz. Extracting by manifest.
352 silly tarball no local data for ms@https://registry.npmjs.org/ms/-/ms-2.1.3.tgz. Extracting by manifest.
353 silly tarball no local data for lodash@https://registry.npmjs.org/lodash/-/lodash-4.17.21.tgz. Extracting by manifest.
354 silly tarball no local data for mkdirp@https://registry.npmjs.org/mkdirp/-/mkdirp-0.5.6.tgz. Extracting by manifest.
355 silly tarball no local data for follow-redirects@https://registry.npmjs.org/follow-redirects/-/follow-redirects-1.15.9.tgz. Extracting by manifest.
356 silly tarball no local data for async@https://registry.npmjs.org/async/-/async-2.6.4.tgz. Extracting by manifest.
357 silly tarball no local data for whatwg-encoding@https://registry.npmjs.org/whatwg-encoding/-/whatwg-encoding-2.0.0.tgz. Extracting by manifest.
358 silly tarball no local data for color-name@https://registry.npmjs.org/color-name/-/color-name-1.1.4.tgz. Extracting by manifest.
359 silly tarball no local data for color-convert@https://registry.npmjs.org/color-convert/-/color-convert-2.0.1.tgz. Extracting by manifest.
360 silly tarball no local data for supports-color@https://registry.npmjs.org/supports-color/-/supports-color-7.2.0.tgz. Extracting by manifest.
361 silly tarball no local data for eventemitter3@https://registry.npmjs.org/eventemitter3/-/eventemitter3-4.0.7.tgz. Extracting by manifest.
362 silly tarball no local data for safe-buffer@https://registry.npmjs.org/safe-buffer/-/safe-buffer-5.1.2.tgz. Extracting by manifest.
363 silly tarball no local data for ansi-styles@https://registry.npmjs.org/ansi-styles/-/ansi-styles-4.3.0.tgz. Extracting by manifest.
364 silly tarball no local data for union@https://registry.npmjs.org/union/-/union-0.5.0.tgz. Extracting by manifest.
365 silly tarball no local data for url-join@https://registry.npmjs.org/url-join/-/url-join-4.0.1.tgz. Extracting by manifest.
366 silly tarball no local data for minimist@https://registry.npmjs.org/minimist/-/minimist-1.2.8.tgz. Extracting by manifest.
367 silly tarball no local data for secure-compare@https://registry.npmjs.org/secure-compare/-/secure-compare-3.0.1.tgz. Extracting by manifest.
368 silly tarball no local data for opener@https://registry.npmjs.org/opener/-/opener-1.5.2.tgz. Extracting by manifest.
369 silly tarball no local data for portfinder@https://registry.npmjs.org/portfinder/-/portfinder-1.0.33.tgz. Extracting by manifest.
370 silly tarball no local data for mime@https://registry.npmjs.org/mime/-/mime-1.6.0.tgz. Extracting by manifest.
371 silly tarball no local data for html-encoding-sniffer@https://registry.npmjs.org/html-encoding-sniffer/-/html-encoding-sniffer-3.0.0.tgz. Extracting by manifest.
372 silly tarball no local data for corser@https://registry.npmjs.org/corser/-/corser-2.0.1.tgz. Extracting by manifest.
373 silly tarball no local data for http-proxy@https://registry.npmjs.org/http-proxy/-/http-proxy-1.18.1.tgz. Extracting by manifest.
374 silly tarball no local data for he@https://registry.npmjs.org/he/-/he-1.2.0.tgz. Extracting by manifest.
375 silly tarball no local data for chalk@https://registry.npmjs.org/chalk/-/chalk-4.1.2.tgz. Extracting by manifest.
376 silly tarball no local data for requires-port@https://registry.npmjs.org/requires-port/-/requires-port-1.0.0.tgz. Extracting by manifest.
377 silly tarball no local data for basic-auth@https://registry.npmjs.org/basic-auth/-/basic-auth-2.0.1.tgz. Extracting by manifest.
378 silly tarball no local data for debug@https://registry.npmjs.org/debug/-/debug-3.2.7.tgz. Extracting by manifest.
379 silly tarball no local data for es-define-property@https://registry.npmjs.org/es-define-property/-/es-define-property-1.0.1.tgz. Extracting by manifest.
380 http fetch GET 200 https://registry.npmjs.org/hasown/-/hasown-2.0.2.tgz 2357ms (cache miss)
381 http fetch GET 200 https://registry.npmjs.org/dunder-proto/-/dunder-proto-1.0.1.tgz 2365ms (cache miss)
382 http fetch GET 200 https://registry.npmjs.org/side-channel-list/-/side-channel-list-1.0.0.tgz 2331ms (cache miss)
383 http fetch GET 200 https://registry.npmjs.org/es-errors/-/es-errors-1.3.0.tgz 2379ms (cache miss)
384 http fetch GET 200 https://registry.npmjs.org/color-name/-/color-name-1.1.4.tgz 2373ms (cache miss)
385 http fetch GET 200 https://registry.npmjs.org/side-channel-map/-/side-channel-map-1.0.1.tgz 2446ms (cache miss)
386 http fetch GET 200 https://registry.npmjs.org/mkdirp/-/mkdirp-0.5.6.tgz 2435ms (cache miss)
387 http fetch GET 200 https://registry.npmjs.org/ms/-/ms-2.1.3.tgz 2443ms (cache miss)
388 http fetch GET 200 https://registry.npmjs.org/supports-color/-/supports-color-7.2.0.tgz 2422ms (cache miss)
389 http fetch GET 200 https://registry.npmjs.org/safer-buffer/-/safer-buffer-2.1.2.tgz 2537ms (cache miss)
390 http fetch GET 200 https://registry.npmjs.org/has-flag/-/has-flag-4.0.0.tgz 2478ms (cache miss)
391 http fetch GET 200 https://registry.npmjs.org/side-channel/-/side-channel-1.1.0.tgz 2507ms (cache miss)
392 http fetch GET 200 https://registry.npmjs.org/requires-port/-/requires-port-1.0.0.tgz 2438ms (cache miss)
393 http fetch GET 200 https://registry.npmjs.org/has-symbols/-/has-symbols-1.1.0.tgz 2581ms (cache miss)
394 http fetch GET 200 https://registry.npmjs.org/whatwg-encoding/-/whatwg-encoding-2.0.0.tgz 2525ms (cache miss)
395 http fetch GET 200 https://registry.npmjs.org/color-convert/-/color-convert-2.0.1.tgz 2507ms (cache miss)
396 http fetch GET 200 https://registry.npmjs.org/minimist/-/minimist-1.2.8.tgz 2491ms (cache miss)
397 http fetch GET 200 https://registry.npmjs.org/follow-redirects/-/follow-redirects-1.15.9.tgz 2557ms (cache miss)
398 http fetch GET 200 https://registry.npmjs.org/gopd/-/gopd-1.2.0.tgz 2610ms (cache miss)
399 http fetch GET 200 https://registry.npmjs.org/eventemitter3/-/eventemitter3-4.0.7.tgz 2528ms (cache miss)
400 http fetch GET 200 https://registry.npmjs.org/ansi-styles/-/ansi-styles-4.3.0.tgz 2532ms (cache miss)
401 http fetch GET 200 https://registry.npmjs.org/secure-compare/-/secure-compare-3.0.1.tgz 2514ms (cache miss)
402 http fetch GET 200 https://registry.npmjs.org/es-define-property/-/es-define-property-1.0.1.tgz 2420ms (cache miss)
403 http fetch GET 200 https://registry.npmjs.org/mime/-/mime-1.6.0.tgz 2532ms (cache miss)
404 http fetch GET 200 https://registry.npmjs.org/portfinder/-/portfinder-1.0.33.tgz 2538ms (cache miss)
405 http fetch GET 200 https://registry.npmjs.org/html-encoding-sniffer/-/html-encoding-sniffer-3.0.0.tgz 2532ms (cache miss)
406 http fetch GET 200 https://registry.npmjs.org/debug/-/debug-3.2.7.tgz 2491ms (cache miss)
407 http fetch GET 200 https://registry.npmjs.org/get-proto/-/get-proto-1.0.1.tgz 2661ms (cache miss)
408 http fetch GET 200 https://registry.npmjs.org/safe-buffer/-/safe-buffer-5.1.2.tgz 2580ms (cache miss)
409 http fetch GET 200 https://registry.npmjs.org/side-channel-weakmap/-/side-channel-weakmap-1.0.2.tgz 2646ms (cache miss)
410 http fetch GET 200 https://registry.npmjs.org/corser/-/corser-2.0.1.tgz 2547ms (cache miss)
411 http fetch GET 200 https://registry.npmjs.org/opener/-/opener-1.5.2.tgz 2568ms (cache miss)
412 http fetch GET 200 https://registry.npmjs.org/es-object-atoms/-/es-object-atoms-1.1.1.tgz 2685ms (cache miss)
413 http fetch GET 200 https://registry.npmjs.org/basic-auth/-/basic-auth-2.0.1.tgz 2561ms (cache miss)
414 http fetch GET 200 https://registry.npmjs.org/url-join/-/url-join-4.0.1.tgz 2612ms (cache miss)
415 http fetch GET 200 https://registry.npmjs.org/call-bound/-/call-bound-1.0.4.tgz 2718ms (cache miss)
416 http fetch GET 200 https://registry.npmjs.org/function-bind/-/function-bind-1.1.2.tgz 2754ms (cache miss)
417 http fetch GET 200 https://registry.npmjs.org/call-bind-apply-helpers/-/call-bind-apply-helpers-1.0.2.tgz 2757ms (cache miss)
418 http fetch GET 200 https://registry.npmjs.org/get-intrinsic/-/get-intrinsic-1.3.0.tgz 2766ms (cache miss)
419 http fetch GET 200 https://registry.npmjs.org/math-intrinsics/-/math-intrinsics-1.1.0.tgz 2791ms (cache miss)
420 http fetch GET 200 https://registry.npmjs.org/chalk/-/chalk-4.1.2.tgz 2654ms (cache miss)
421 http fetch GET 200 https://registry.npmjs.org/http-server/-/http-server-14.1.1.tgz 2821ms (cache miss)
422 http fetch GET 200 https://registry.npmjs.org/object-inspect/-/object-inspect-1.13.4.tgz 2771ms (cache miss)
423 http fetch GET 200 https://registry.npmjs.org/he/-/he-1.2.0.tgz 2686ms (cache miss)
424 http fetch GET 200 https://registry.npmjs.org/qs/-/qs-6.14.0.tgz 2792ms (cache miss)
425 http fetch GET 200 https://registry.npmjs.org/union/-/union-0.5.0.tgz 2747ms (cache miss)
426 http fetch GET 200 https://registry.npmjs.org/iconv-lite/-/iconv-lite-0.6.3.tgz 2879ms (cache miss)
427 http fetch GET 200 https://registry.npmjs.org/http-proxy/-/http-proxy-1.18.1.tgz 2740ms (cache miss)
428 http fetch GET 200 https://registry.npmjs.org/async/-/async-2.6.4.tgz 2942ms (cache miss)
429 http fetch GET 200 https://registry.npmjs.org/lodash/-/lodash-4.17.21.tgz 3360ms (cache miss)
430 silly ADD node_modules/http-server
431 silly ADD node_modules/http-server/node_modules/safer-buffer
432 silly ADD node_modules/http-server/node_modules/iconv-lite
433 silly ADD node_modules/http-server/node_modules/dunder-proto
434 silly ADD node_modules/http-server/node_modules/math-intrinsics
435 silly ADD node_modules/http-server/node_modules/hasown
436 silly ADD node_modules/http-server/node_modules/has-symbols
437 silly ADD node_modules/http-server/node_modules/gopd
438 silly ADD node_modules/http-server/node_modules/get-proto
439 silly ADD node_modules/http-server/node_modules/es-object-atoms
440 silly ADD node_modules/http-server/node_modules/es-define-property
441 silly ADD node_modules/http-server/node_modules/function-bind
442 silly ADD node_modules/http-server/node_modules/call-bind-apply-helpers
443 silly ADD node_modules/http-server/node_modules/get-intrinsic
444 silly ADD node_modules/http-server/node_modules/call-bound
445 silly ADD node_modules/http-server/node_modules/side-channel-weakmap
446 silly ADD node_modules/http-server/node_modules/side-channel-map
447 silly ADD node_modules/http-server/node_modules/side-channel-list
448 silly ADD node_modules/http-server/node_modules/object-inspect
449 silly ADD node_modules/http-server/node_modules/es-errors
450 silly ADD node_modules/http-server/node_modules/side-channel
451 silly ADD node_modules/http-server/node_modules/qs
452 silly ADD node_modules/http-server/node_modules/has-flag
453 silly ADD node_modules/http-server/node_modules/ms
454 silly ADD node_modules/http-server/node_modules/lodash
455 silly ADD node_modules/http-server/node_modules/mkdirp
456 silly ADD node_modules/http-server/node_modules/debug
457 silly ADD node_modules/http-server/node_modules/async
458 silly ADD node_modules/http-server/node_modules/requires-port
459 silly ADD node_modules/http-server/node_modules/follow-redirects
460 silly ADD node_modules/http-server/node_modules/eventemitter3
461 silly ADD node_modules/http-server/node_modules/whatwg-encoding
462 silly ADD node_modules/http-server/node_modules/color-name
463 silly ADD node_modules/http-server/node_modules/color-convert
464 silly ADD node_modules/http-server/node_modules/supports-color
465 silly ADD node_modules/http-server/node_modules/ansi-styles
466 silly ADD node_modules/http-server/node_modules/safe-buffer
467 silly ADD node_modules/http-server/node_modules/url-join
468 silly ADD node_modules/http-server/node_modules/union
469 silly ADD node_modules/http-server/node_modules/secure-compare
470 silly ADD node_modules/http-server/node_modules/portfinder
471 silly ADD node_modules/http-server/node_modules/opener
472 silly ADD node_modules/http-server/node_modules/minimist
473 silly ADD node_modules/http-server/node_modules/mime
474 silly ADD node_modules/http-server/node_modules/http-proxy
475 silly ADD node_modules/http-server/node_modules/html-encoding-sniffer
476 silly ADD node_modules/http-server/node_modules/he
477 silly ADD node_modules/http-server/node_modules/corser
478 silly ADD node_modules/http-server/node_modules/chalk
479 silly ADD node_modules/http-server/node_modules/basic-auth
480 verbose cwd /data/data/com.termux/files/home/Virtuzen-Ai
481 verbose os Linux 4.19.157-perf-28692735-abA235FXXS9EYB1
482 verbose node v23.8.0
483 verbose npm  v10.9.2
484 verbose exit 0
485 info ok
