0 verbose cli /data/data/com.termux/files/usr/bin/node /data/data/com.termux/files/usr/bin/npm
1 info using npm@10.9.2
2 info using node@v23.8.0
3 silly config load:file:/data/data/com.termux/files/usr/lib/node_modules/npm/npmrc
4 silly config load:file:/data/data/com.termux/files/home/virtuzen-backend/.npmrc
5 silly config load:file:/data/data/com.termux/files/home/.npmrc
6 silly config load:file:/data/data/com.termux/files/usr/etc/npmrc
7 verbose title npm install express dotenv cors axios
8 verbose argv "install" "express" "dotenv" "cors" "axios"
9 verbose logfile logs-max:10 dir:/data/data/com.termux/files/home/.npm/_logs/2025-03-12T01_28_45_595Z-
10 verbose logfile /data/data/com.termux/files/home/.npm/_logs/2025-03-12T01_28_45_595Z-debug-0.log
11 silly logfile start cleaning logs, removing 1 files
12 silly packumentCache heap:1098907648 maxSize:274726912 maxEntrySize:137363456
13 silly logfile done cleaning log files
14 silly idealTree buildDeps
15 silly fetch manifest express@*
16 silly packumentCache full:https://registry.npmjs.org/express cache-miss
17 http cache https://registry.npmjs.org/express 58ms (cache hit)
18 silly packumentCache full:https://registry.npmjs.org/express set size:783818 disposed:false
19 silly fetch manifest dotenv@*
20 silly packumentCache full:https://registry.npmjs.org/dotenv cache-miss
21 http cache https://registry.npmjs.org/dotenv 16ms (cache hit)
22 silly packumentCache full:https://registry.npmjs.org/dotenv set size:236043 disposed:false
23 silly fetch manifest cors@*
24 silly packumentCache full:https://registry.npmjs.org/cors cache-miss
25 http cache https://registry.npmjs.org/cors 19ms (cache hit)
26 silly packumentCache full:https://registry.npmjs.org/cors set size:73814 disposed:false
27 silly fetch manifest axios@*
28 silly packumentCache full:https://registry.npmjs.org/axios cache-miss
29 http cache https://registry.npmjs.org/axios 21ms (cache hit)
30 silly packumentCache full:https://registry.npmjs.org/axios set size:632931 disposed:false
31 silly placeDep ROOT axios@1.8.2 OK for: virtuzen-backend@1.0.0 want: *
32 silly placeDep ROOT cors@2.8.5 OK for: virtuzen-backend@1.0.0 want: *
33 silly placeDep ROOT dotenv@16.4.7 OK for: virtuzen-backend@1.0.0 want: *
34 silly placeDep ROOT express@4.21.2 OK for: virtuzen-backend@1.0.0 want: *
35 silly fetch manifest follow-redirects@^1.15.6
36 silly packumentCache full:https://registry.npmjs.org/follow-redirects cache-miss
37 silly fetch manifest form-data@^4.0.0
38 silly packumentCache full:https://registry.npmjs.org/form-data cache-miss
39 silly fetch manifest proxy-from-env@^1.1.0
40 silly packumentCache full:https://registry.npmjs.org/proxy-from-env cache-miss
41 silly fetch manifest vary@^1
42 silly packumentCache full:https://registry.npmjs.org/vary cache-miss
43 silly fetch manifest object-assign@^4
44 silly packumentCache full:https://registry.npmjs.org/object-assign cache-miss
45 silly fetch manifest qs@6.13.0
46 silly packumentCache full:https://registry.npmjs.org/qs cache-miss
47 silly fetch manifest depd@2.0.0
48 silly packumentCache full:https://registry.npmjs.org/depd cache-miss
49 http cache https://registry.npmjs.org/proxy-from-env 51ms (cache hit)
50 silly packumentCache full:https://registry.npmjs.org/proxy-from-env set size:15831 disposed:false
51 silly fetch manifest etag@~1.8.1
52 silly packumentCache full:https://registry.npmjs.org/etag cache-miss
53 http cache https://registry.npmjs.org/follow-redirects 63ms (cache hit)
54 silly packumentCache full:https://registry.npmjs.org/follow-redirects set size:182478 disposed:false
55 silly fetch manifest send@0.19.0
56 silly packumentCache full:https://registry.npmjs.org/send cache-miss
57 http cache https://registry.npmjs.org/vary 70ms (cache hit)
58 silly packumentCache full:https://registry.npmjs.org/vary set size:15958 disposed:false
59 silly fetch manifest vary@~1.1.2
60 silly packumentCache full:https://registry.npmjs.org/vary cache-hit
61 silly fetch manifest debug@2.6.9
62 silly packumentCache full:https://registry.npmjs.org/debug cache-miss
63 http cache https://registry.npmjs.org/form-data 80ms (cache hit)
64 silly packumentCache full:https://registry.npmjs.org/form-data set size:130702 disposed:false
65 silly fetch manifest fresh@0.5.2
66 silly packumentCache full:https://registry.npmjs.org/fresh cache-miss
67 http cache https://registry.npmjs.org/depd 84ms (cache hit)
68 silly packumentCache full:https://registry.npmjs.org/depd set size:40182 disposed:false
69 silly fetch manifest cookie@0.7.1
70 silly packumentCache full:https://registry.npmjs.org/cookie cache-miss
71 http cache https://registry.npmjs.org/object-assign 94ms (cache hit)
72 silly packumentCache full:https://registry.npmjs.org/object-assign set size:28988 disposed:false
73 silly fetch manifest accepts@~1.3.8
74 silly packumentCache full:https://registry.npmjs.org/accepts cache-miss
75 http cache https://registry.npmjs.org/qs 97ms (cache hit)
76 silly packumentCache full:https://registry.npmjs.org/qs set size:264677 disposed:false
77 silly fetch manifest methods@~1.1.2
78 silly packumentCache full:https://registry.npmjs.org/methods cache-miss
79 http cache https://registry.npmjs.org/etag 74ms (cache hit)
80 silly packumentCache full:https://registry.npmjs.org/etag set size:29972 disposed:false
81 silly fetch manifest type-is@~1.6.18
82 silly packumentCache full:https://registry.npmjs.org/type-is cache-miss
83 http cache https://registry.npmjs.org/fresh 50ms (cache hit)
84 silly packumentCache full:https://registry.npmjs.org/fresh set size:25367 disposed:false
85 silly fetch manifest parseurl@~1.3.3
86 silly packumentCache full:https://registry.npmjs.org/parseurl cache-miss
87 http cache https://registry.npmjs.org/debug 65ms (cache hit)
88 silly packumentCache full:https://registry.npmjs.org/debug set size:191220 disposed:false
89 silly fetch manifest statuses@2.0.1
90 silly packumentCache full:https://registry.npmjs.org/statuses cache-miss
91 http cache https://registry.npmjs.org/cookie 57ms (cache hit)
92 silly packumentCache full:https://registry.npmjs.org/cookie set size:67120 disposed:false
93 silly fetch manifest encodeurl@~2.0.0
94 silly packumentCache full:https://registry.npmjs.org/encodeurl cache-miss
95 http cache https://registry.npmjs.org/send 95ms (cache hit)
96 silly packumentCache full:https://registry.npmjs.org/send set size:145447 disposed:false
97 silly fetch manifest proxy-addr@~2.0.7
98 silly packumentCache full:https://registry.npmjs.org/proxy-addr cache-miss
99 http cache https://registry.npmjs.org/accepts 73ms (cache hit)
100 silly packumentCache full:https://registry.npmjs.org/accepts set size:76994 disposed:false
101 silly fetch manifest body-parser@1.20.3
102 silly packumentCache full:https://registry.npmjs.org/body-parser cache-miss
103 http cache https://registry.npmjs.org/methods 67ms (cache hit)
104 silly packumentCache full:https://registry.npmjs.org/methods set size:12540 disposed:false
105 silly fetch manifest escape-html@~1.0.3
106 silly packumentCache full:https://registry.npmjs.org/escape-html cache-miss
107 http cache https://registry.npmjs.org/parseurl 58ms (cache hit)
108 silly packumentCache full:https://registry.npmjs.org/parseurl set size:24088 disposed:false
109 silly fetch manifest http-errors@2.0.0
110 silly packumentCache full:https://registry.npmjs.org/http-errors cache-miss
111 http cache https://registry.npmjs.org/type-is 66ms (cache hit)
112 silly packumentCache full:https://registry.npmjs.org/type-is set size:77081 disposed:false
113 silly fetch manifest on-finished@2.4.1
114 silly packumentCache full:https://registry.npmjs.org/on-finished cache-miss
115 http cache https://registry.npmjs.org/statuses 56ms (cache hit)
116 silly packumentCache full:https://registry.npmjs.org/statuses set size:34272 disposed:false
117 silly fetch manifest safe-buffer@5.2.1
118 silly packumentCache full:https://registry.npmjs.org/safe-buffer cache-miss
119 http cache https://registry.npmjs.org/encodeurl 56ms (cache hit)
120 silly packumentCache full:https://registry.npmjs.org/encodeurl set size:12296 disposed:false
121 silly fetch manifest utils-merge@1.0.1
122 silly packumentCache full:https://registry.npmjs.org/utils-merge cache-miss
123 http cache https://registry.npmjs.org/proxy-addr 46ms (cache hit)
124 silly packumentCache full:https://registry.npmjs.org/proxy-addr set size:61559 disposed:false
125 silly fetch manifest content-type@~1.0.4
126 silly packumentCache full:https://registry.npmjs.org/content-type cache-miss
127 http cache https://registry.npmjs.org/body-parser 46ms (cache hit)
128 silly packumentCache full:https://registry.npmjs.org/body-parser set size:187323 disposed:false
129 silly fetch manifest finalhandler@1.3.1
130 silly packumentCache full:https://registry.npmjs.org/finalhandler cache-miss
131 http cache https://registry.npmjs.org/escape-html 51ms (cache hit)
132 silly packumentCache full:https://registry.npmjs.org/escape-html set size:7345 disposed:false
133 silly fetch manifest range-parser@~1.2.1
134 silly packumentCache full:https://registry.npmjs.org/range-parser cache-miss
135 http cache https://registry.npmjs.org/http-errors 52ms (cache hit)
136 silly packumentCache full:https://registry.npmjs.org/http-errors set size:69476 disposed:false
137 silly fetch manifest serve-static@1.16.2
138 silly packumentCache full:https://registry.npmjs.org/serve-static cache-miss
139 http cache https://registry.npmjs.org/on-finished 54ms (cache hit)
140 silly packumentCache full:https://registry.npmjs.org/on-finished set size:23152 disposed:false
141 silly fetch manifest array-flatten@1.1.1
142 silly packumentCache full:https://registry.npmjs.org/array-flatten cache-miss
143 http cache https://registry.npmjs.org/safe-buffer 57ms (cache hit)
144 silly packumentCache full:https://registry.npmjs.org/safe-buffer set size:41183 disposed:false
145 silly fetch manifest path-to-regexp@0.1.12
146 silly packumentCache full:https://registry.npmjs.org/path-to-regexp cache-miss
147 http cache https://registry.npmjs.org/content-type 50ms (cache hit)
148 silly packumentCache full:https://registry.npmjs.org/content-type set size:17251 disposed:false
149 silly fetch manifest setprototypeof@1.2.0
150 silly packumentCache full:https://registry.npmjs.org/setprototypeof cache-miss
151 http cache https://registry.npmjs.org/finalhandler 46ms (cache hit)
152 silly packumentCache full:https://registry.npmjs.org/finalhandler set size:74406 disposed:false
153 silly fetch manifest cookie-signature@1.0.6
154 silly packumentCache full:https://registry.npmjs.org/cookie-signature cache-miss
155 http cache https://registry.npmjs.org/utils-merge 68ms (cache hit)
156 silly packumentCache full:https://registry.npmjs.org/utils-merge set size:5237 disposed:false
157 silly fetch manifest merge-descriptors@1.0.3
158 silly packumentCache full:https://registry.npmjs.org/merge-descriptors cache-miss
159 http cache https://registry.npmjs.org/range-parser 54ms (cache hit)
160 silly packumentCache full:https://registry.npmjs.org/range-parser set size:22168 disposed:false
161 silly fetch manifest content-disposition@0.5.4
162 silly packumentCache full:https://registry.npmjs.org/content-disposition cache-miss
163 http cache https://registry.npmjs.org/serve-static 45ms (cache hit)
164 silly packumentCache full:https://registry.npmjs.org/serve-static set size:144171 disposed:false
165 http cache https://registry.npmjs.org/array-flatten 48ms (cache hit)
166 silly packumentCache full:https://registry.npmjs.org/array-flatten set size:24005 disposed:false
167 http cache https://registry.npmjs.org/setprototypeof 38ms (cache hit)
168 silly packumentCache full:https://registry.npmjs.org/setprototypeof set size:14532 disposed:false
169 http cache https://registry.npmjs.org/cookie-signature 33ms (cache hit)
170 silly packumentCache full:https://registry.npmjs.org/cookie-signature set size:21777 disposed:false
171 http cache https://registry.npmjs.org/path-to-regexp 47ms (cache hit)
172 silly packumentCache full:https://registry.npmjs.org/path-to-regexp set size:196503 disposed:false
173 http cache https://registry.npmjs.org/merge-descriptors 42ms (cache hit)
174 silly packumentCache full:https://registry.npmjs.org/merge-descriptors set size:16527 disposed:false
175 http cache https://registry.npmjs.org/content-disposition 35ms (cache hit)
176 silly packumentCache full:https://registry.npmjs.org/content-disposition set size:26833 disposed:false
177 silly placeDep ROOT follow-redirects@1.15.9 OK for: axios@1.8.2 want: ^1.15.6
178 silly placeDep ROOT form-data@4.0.2 OK for: axios@1.8.2 want: ^4.0.0
179 silly placeDep ROOT proxy-from-env@1.1.0 OK for: axios@1.8.2 want: ^1.1.0
180 silly fetch manifest asynckit@^0.4.0
181 silly packumentCache full:https://registry.npmjs.org/asynckit cache-miss
182 silly fetch manifest combined-stream@^1.0.8
183 silly packumentCache full:https://registry.npmjs.org/combined-stream cache-miss
184 silly fetch manifest es-set-tostringtag@^2.1.0
185 silly packumentCache full:https://registry.npmjs.org/es-set-tostringtag cache-miss
186 silly fetch manifest mime-types@^2.1.12
187 silly packumentCache full:https://registry.npmjs.org/mime-types cache-miss
188 http cache https://registry.npmjs.org/asynckit 21ms (cache hit)
189 silly packumentCache full:https://registry.npmjs.org/asynckit set size:17357 disposed:false
190 http cache https://registry.npmjs.org/combined-stream 23ms (cache hit)
191 silly packumentCache full:https://registry.npmjs.org/combined-stream set size:40337 disposed:false
192 http cache https://registry.npmjs.org/mime-types 25ms (cache hit)
193 silly packumentCache full:https://registry.npmjs.org/mime-types set size:129792 disposed:false
194 http cache https://registry.npmjs.org/es-set-tostringtag 32ms (cache hit)
195 silly packumentCache full:https://registry.npmjs.org/es-set-tostringtag set size:22094 disposed:false
196 silly placeDep ROOT object-assign@4.1.1 OK for: cors@2.8.5 want: ^4
197 silly placeDep ROOT vary@1.1.2 OK for: cors@2.8.5 want: ^1
198 silly placeDep ROOT accepts@1.3.8 OK for: express@4.21.2 want: ~1.3.8
199 silly placeDep ROOT array-flatten@1.1.1 OK for: express@4.21.2 want: 1.1.1
200 silly placeDep ROOT body-parser@1.20.3 OK for: express@4.21.2 want: 1.20.3
201 silly placeDep ROOT content-disposition@0.5.4 OK for: express@4.21.2 want: 0.5.4
202 silly placeDep ROOT content-type@1.0.5 OK for: express@4.21.2 want: ~1.0.4
203 silly placeDep ROOT cookie@0.7.1 OK for: express@4.21.2 want: 0.7.1
204 silly placeDep ROOT cookie-signature@1.0.6 OK for: express@4.21.2 want: 1.0.6
205 silly placeDep ROOT debug@2.6.9 OK for: express@4.21.2 want: 2.6.9
206 silly placeDep ROOT depd@2.0.0 OK for: express@4.21.2 want: 2.0.0
207 silly placeDep ROOT encodeurl@2.0.0 OK for: express@4.21.2 want: ~2.0.0
208 silly placeDep ROOT escape-html@1.0.3 OK for: express@4.21.2 want: ~1.0.3
209 silly placeDep ROOT etag@1.8.1 OK for: express@4.21.2 want: ~1.8.1
210 silly placeDep ROOT finalhandler@1.3.1 OK for: express@4.21.2 want: 1.3.1
211 silly placeDep ROOT fresh@0.5.2 OK for: express@4.21.2 want: 0.5.2
212 silly placeDep ROOT http-errors@2.0.0 OK for: express@4.21.2 want: 2.0.0
213 silly placeDep ROOT merge-descriptors@1.0.3 OK for: express@4.21.2 want: 1.0.3
214 silly placeDep ROOT methods@1.1.2 OK for: express@4.21.2 want: ~1.1.2
215 silly placeDep ROOT on-finished@2.4.1 OK for: express@4.21.2 want: 2.4.1
216 silly placeDep ROOT parseurl@1.3.3 OK for: express@4.21.2 want: ~1.3.3
217 silly placeDep ROOT path-to-regexp@0.1.12 OK for: express@4.21.2 want: 0.1.12
218 silly placeDep ROOT proxy-addr@2.0.7 OK for: express@4.21.2 want: ~2.0.7
219 silly placeDep ROOT qs@6.13.0 OK for: express@4.21.2 want: 6.13.0
220 silly placeDep ROOT range-parser@1.2.1 OK for: express@4.21.2 want: ~1.2.1
221 silly placeDep ROOT safe-buffer@5.2.1 OK for: express@4.21.2 want: 5.2.1
222 silly placeDep ROOT send@0.19.0 OK for: express@4.21.2 want: 0.19.0
223 silly placeDep ROOT serve-static@1.16.2 OK for: express@4.21.2 want: 1.16.2
224 silly placeDep ROOT setprototypeof@1.2.0 OK for: express@4.21.2 want: 1.2.0
225 silly placeDep ROOT statuses@2.0.1 OK for: express@4.21.2 want: 2.0.1
226 silly placeDep ROOT type-is@1.6.18 OK for: express@4.21.2 want: ~1.6.18
227 silly placeDep ROOT utils-merge@1.0.1 OK for: express@4.21.2 want: 1.0.1
228 silly fetch manifest mime-types@~2.1.34
229 silly packumentCache full:https://registry.npmjs.org/mime-types cache-hit
230 silly fetch manifest negotiator@0.6.3
231 silly packumentCache full:https://registry.npmjs.org/negotiator cache-miss
232 silly fetch manifest bytes@3.1.2
233 silly packumentCache full:https://registry.npmjs.org/bytes cache-miss
234 silly fetch manifest unpipe@1.0.0
235 silly packumentCache full:https://registry.npmjs.org/unpipe cache-miss
236 silly fetch manifest destroy@1.2.0
237 silly packumentCache full:https://registry.npmjs.org/destroy cache-miss
238 silly fetch manifest raw-body@2.5.2
239 silly packumentCache full:https://registry.npmjs.org/raw-body cache-miss
240 silly fetch manifest iconv-lite@0.4.24
241 silly packumentCache full:https://registry.npmjs.org/iconv-lite cache-miss
242 silly fetch manifest content-type@~1.0.5
243 silly packumentCache full:https://registry.npmjs.org/content-type cache-hit
244 silly fetch manifest ms@2.0.0
245 silly packumentCache full:https://registry.npmjs.org/ms cache-miss
246 http cache https://registry.npmjs.org/bytes 30ms (cache hit)
247 silly packumentCache full:https://registry.npmjs.org/bytes set size:37018 disposed:false
248 silly fetch manifest unpipe@~1.0.0
249 silly packumentCache full:https://registry.npmjs.org/unpipe cache-miss
250 http cache https://registry.npmjs.org/destroy 33ms (cache hit)
251 silly packumentCache full:https://registry.npmjs.org/destroy set size:15683 disposed:false
252 silly fetch manifest inherits@2.0.4
253 silly packumentCache full:https://registry.npmjs.org/inherits cache-miss
254 http cache https://registry.npmjs.org/unpipe 38ms (cache hit)
255 silly packumentCache full:https://registry.npmjs.org/unpipe set size:3537 disposed:false
256 silly fetch manifest toidentifier@1.0.1
257 silly packumentCache full:https://registry.npmjs.org/toidentifier cache-miss
258 http cache https://registry.npmjs.org/negotiator 44ms (cache hit)
259 silly packumentCache full:https://registry.npmjs.org/negotiator set size:47986 disposed:false
260 silly fetch manifest ee-first@1.1.1
261 silly packumentCache full:https://registry.npmjs.org/ee-first cache-miss
262 http cache https://registry.npmjs.org/iconv-lite 41ms (cache hit)
263 silly packumentCache full:https://registry.npmjs.org/iconv-lite set size:115994 disposed:false
264 silly fetch manifest forwarded@0.2.0
265 silly packumentCache full:https://registry.npmjs.org/forwarded cache-miss
266 http cache https://registry.npmjs.org/raw-body 51ms (cache hit)
267 silly packumentCache full:https://registry.npmjs.org/raw-body set size:108717 disposed:false
268 silly fetch manifest ipaddr.js@1.9.1
269 silly packumentCache full:https://registry.npmjs.org/ipaddr.js cache-miss
270 http cache https://registry.npmjs.org/ms 52ms (cache hit)
271 silly packumentCache full:https://registry.npmjs.org/ms set size:84883 disposed:false
272 silly fetch manifest side-channel@^1.0.6
273 silly packumentCache full:https://registry.npmjs.org/side-channel cache-miss
274 http cache https://registry.npmjs.org/unpipe 50ms (cache hit)
275 silly packumentCache full:https://registry.npmjs.org/unpipe set size:3537 disposed:false
276 silly packumentCache full:https://registry.npmjs.org/unpipe dispose
277 silly fetch manifest ms@2.1.3
278 silly packumentCache full:https://registry.npmjs.org/ms cache-hit
279 silly fetch manifest mime@1.6.0
280 silly packumentCache full:https://registry.npmjs.org/mime cache-miss
281 http cache https://registry.npmjs.org/ee-first 46ms (cache hit)
282 silly packumentCache full:https://registry.npmjs.org/ee-first set size:15327 disposed:false
283 silly fetch manifest encodeurl@~1.0.2
284 silly packumentCache full:https://registry.npmjs.org/encodeurl cache-hit
285 silly fetch manifest mime-types@~2.1.24
286 silly packumentCache full:https://registry.npmjs.org/mime-types cache-hit
287 silly fetch manifest media-typer@0.3.0
288 silly packumentCache full:https://registry.npmjs.org/media-typer cache-miss
289 http cache https://registry.npmjs.org/toidentifier 57ms (cache hit)
290 silly packumentCache full:https://registry.npmjs.org/toidentifier set size:12006 disposed:false
291 http cache https://registry.npmjs.org/inherits 64ms (cache hit)
292 silly packumentCache full:https://registry.npmjs.org/inherits set size:12925 disposed:false
293 http cache https://registry.npmjs.org/ipaddr.js 45ms (cache hit)
294 silly packumentCache full:https://registry.npmjs.org/ipaddr.js set size:65942 disposed:false
295 http cache https://registry.npmjs.org/forwarded 57ms (cache hit)
296 silly packumentCache full:https://registry.npmjs.org/forwarded set size:11169 disposed:false
297 http cache https://registry.npmjs.org/side-channel 54ms (cache hit)
298 silly packumentCache full:https://registry.npmjs.org/side-channel set size:24660 disposed:false
299 http cache https://registry.npmjs.org/media-typer 41ms (cache hit)
300 silly packumentCache full:https://registry.npmjs.org/media-typer set size:20813 disposed:false
301 http cache https://registry.npmjs.org/mime 55ms (cache hit)
302 silly packumentCache full:https://registry.npmjs.org/mime set size:114268 disposed:false
303 silly placeDep ROOT mime-types@2.1.35 OK for: accepts@1.3.8 want: ~2.1.34
304 silly placeDep ROOT negotiator@0.6.3 OK for: accepts@1.3.8 want: 0.6.3
305 silly fetch manifest mime-db@1.52.0
306 silly packumentCache full:https://registry.npmjs.org/mime-db cache-miss
307 http cache https://registry.npmjs.org/mime-db 9ms (cache hit)
308 silly packumentCache full:https://registry.npmjs.org/mime-db set size:162007 disposed:false
309 silly placeDep ROOT bytes@3.1.2 OK for: body-parser@1.20.3 want: 3.1.2
310 silly placeDep ROOT destroy@1.2.0 OK for: body-parser@1.20.3 want: 1.2.0
311 silly placeDep ROOT iconv-lite@0.4.24 OK for: body-parser@1.20.3 want: 0.4.24
312 silly placeDep ROOT raw-body@2.5.2 OK for: body-parser@1.20.3 want: 2.5.2
313 silly placeDep ROOT unpipe@1.0.0 OK for: body-parser@1.20.3 want: 1.0.0
314 silly fetch manifest safer-buffer@>= 2.1.2 < 3
315 silly packumentCache full:https://registry.npmjs.org/safer-buffer cache-miss
316 http cache https://registry.npmjs.org/safer-buffer 8ms (cache hit)
317 silly packumentCache full:https://registry.npmjs.org/safer-buffer set size:18521 disposed:false
318 silly placeDep ROOT ms@2.0.0 OK for: debug@2.6.9 want: 2.0.0
319 silly placeDep ROOT asynckit@0.4.0 OK for: form-data@4.0.2 want: ^0.4.0
320 silly placeDep ROOT combined-stream@1.0.8 OK for: form-data@4.0.2 want: ^1.0.8
321 silly placeDep ROOT es-set-tostringtag@2.1.0 OK for: form-data@4.0.2 want: ^2.1.0
322 silly fetch manifest delayed-stream@~1.0.0
323 silly packumentCache full:https://registry.npmjs.org/delayed-stream cache-miss
324 silly fetch manifest es-errors@^1.3.0
325 silly packumentCache full:https://registry.npmjs.org/es-errors cache-miss
326 silly fetch manifest get-intrinsic@^1.2.6
327 silly packumentCache full:https://registry.npmjs.org/get-intrinsic cache-miss
328 silly fetch manifest has-tostringtag@^1.0.2
329 silly packumentCache full:https://registry.npmjs.org/has-tostringtag cache-miss
330 silly fetch manifest hasown@^2.0.2
331 silly packumentCache full:https://registry.npmjs.org/hasown cache-miss
332 http cache https://registry.npmjs.org/es-errors 19ms (cache hit)
333 silly packumentCache full:https://registry.npmjs.org/es-errors set size:16918 disposed:false
334 http cache https://registry.npmjs.org/has-tostringtag 19ms (cache hit)
335 silly packumentCache full:https://registry.npmjs.org/has-tostringtag set size:13945 disposed:false
336 http cache https://registry.npmjs.org/get-intrinsic 22ms (cache hit)
337 silly packumentCache full:https://registry.npmjs.org/get-intrinsic set size:57687 disposed:false
338 http cache https://registry.npmjs.org/delayed-stream 26ms (cache hit)
339 silly packumentCache full:https://registry.npmjs.org/delayed-stream set size:15820 disposed:false
340 http cache https://registry.npmjs.org/hasown 25ms (cache hit)
341 silly packumentCache full:https://registry.npmjs.org/hasown set size:12476 disposed:false
342 silly placeDep ROOT delayed-stream@1.0.0 OK for: combined-stream@1.0.8 want: ~1.0.0
343 silly placeDep ROOT es-errors@1.3.0 OK for: es-set-tostringtag@2.1.0 want: ^1.3.0
344 silly placeDep ROOT get-intrinsic@1.3.0 OK for: es-set-tostringtag@2.1.0 want: ^1.2.6
345 silly placeDep ROOT has-tostringtag@1.0.2 OK for: es-set-tostringtag@2.1.0 want: ^1.0.2
346 silly placeDep ROOT hasown@2.0.2 OK for: es-set-tostringtag@2.1.0 want: ^2.0.2
347 silly fetch manifest call-bind-apply-helpers@^1.0.2
348 silly packumentCache full:https://registry.npmjs.org/call-bind-apply-helpers cache-miss
349 silly fetch manifest es-define-property@^1.0.1
350 silly packumentCache full:https://registry.npmjs.org/es-define-property cache-miss
351 silly fetch manifest es-object-atoms@^1.1.1
352 silly packumentCache full:https://registry.npmjs.org/es-object-atoms cache-miss
353 silly fetch manifest function-bind@^1.1.2
354 silly packumentCache full:https://registry.npmjs.org/function-bind cache-miss
355 silly fetch manifest get-proto@^1.0.1
356 silly packumentCache full:https://registry.npmjs.org/get-proto cache-miss
357 silly fetch manifest gopd@^1.2.0
358 silly packumentCache full:https://registry.npmjs.org/gopd cache-miss
359 silly fetch manifest has-symbols@^1.1.0
360 silly packumentCache full:https://registry.npmjs.org/has-symbols cache-miss
361 http cache https://registry.npmjs.org/call-bind-apply-helpers 23ms (cache hit)
362 silly packumentCache full:https://registry.npmjs.org/call-bind-apply-helpers set size:12744 disposed:false
363 silly fetch manifest math-intrinsics@^1.1.0
364 silly packumentCache full:https://registry.npmjs.org/math-intrinsics cache-miss
365 http cache https://registry.npmjs.org/es-object-atoms 26ms (cache hit)
366 silly packumentCache full:https://registry.npmjs.org/es-object-atoms set size:15304 disposed:false
367 silly fetch manifest has-symbols@^1.0.3
368 silly packumentCache full:https://registry.npmjs.org/has-symbols cache-miss
369 http cache https://registry.npmjs.org/es-define-property 30ms (cache hit)
370 silly packumentCache full:https://registry.npmjs.org/es-define-property set size:8542 disposed:false
371 silly fetch manifest function-bind@^1.1.2
372 silly packumentCache full:https://registry.npmjs.org/function-bind cache-miss
373 http cache https://registry.npmjs.org/function-bind 31ms (cache hit)
374 silly packumentCache full:https://registry.npmjs.org/function-bind set size:15733 disposed:false
375 http cache https://registry.npmjs.org/get-proto 33ms (cache hit)
376 silly packumentCache full:https://registry.npmjs.org/get-proto set size:8300 disposed:false
377 http cache https://registry.npmjs.org/gopd 34ms (cache hit)
378 silly packumentCache full:https://registry.npmjs.org/gopd set size:11458 disposed:false
379 http cache https://registry.npmjs.org/has-symbols 35ms (cache hit)
380 silly packumentCache full:https://registry.npmjs.org/has-symbols set size:21550 disposed:false
381 http cache https://registry.npmjs.org/has-symbols 17ms (cache hit)
382 silly packumentCache full:https://registry.npmjs.org/has-symbols set size:21550 disposed:false
383 silly packumentCache full:https://registry.npmjs.org/has-symbols dispose
384 http cache https://registry.npmjs.org/function-bind 16ms (cache hit)
385 silly packumentCache full:https://registry.npmjs.org/function-bind set size:15733 disposed:false
386 silly packumentCache full:https://registry.npmjs.org/function-bind dispose
387 http cache https://registry.npmjs.org/math-intrinsics 28ms (cache hit)
388 silly packumentCache full:https://registry.npmjs.org/math-intrinsics set size:9265 disposed:false
389 silly placeDep ROOT call-bind-apply-helpers@1.0.2 OK for: get-intrinsic@1.3.0 want: ^1.0.2
390 silly placeDep ROOT es-define-property@1.0.1 OK for: get-intrinsic@1.3.0 want: ^1.0.1
391 silly placeDep ROOT es-object-atoms@1.1.1 OK for: get-intrinsic@1.3.0 want: ^1.1.1
392 silly placeDep ROOT function-bind@1.1.2 OK for: get-intrinsic@1.3.0 want: ^1.1.2
393 silly placeDep ROOT get-proto@1.0.1 OK for: get-intrinsic@1.3.0 want: ^1.0.1
394 silly placeDep ROOT gopd@1.2.0 OK for: get-intrinsic@1.3.0 want: ^1.2.0
395 silly placeDep ROOT has-symbols@1.1.0 OK for: get-intrinsic@1.3.0 want: ^1.1.0
396 silly placeDep ROOT math-intrinsics@1.1.0 OK for: get-intrinsic@1.3.0 want: ^1.1.0
397 silly fetch manifest dunder-proto@^1.0.1
398 silly packumentCache full:https://registry.npmjs.org/dunder-proto cache-miss
399 http cache https://registry.npmjs.org/dunder-proto 10ms (cache hit)
400 silly packumentCache full:https://registry.npmjs.org/dunder-proto set size:8256 disposed:false
401 silly placeDep ROOT dunder-proto@1.0.1 OK for: get-proto@1.0.1 want: ^1.0.1
402 silly placeDep ROOT inherits@2.0.4 OK for: http-errors@2.0.0 want: 2.0.4
403 silly placeDep ROOT toidentifier@1.0.1 OK for: http-errors@2.0.0 want: 1.0.1
404 silly placeDep ROOT safer-buffer@2.1.2 OK for: iconv-lite@0.4.24 want: >= 2.1.2 < 3
405 silly placeDep ROOT mime-db@1.52.0 OK for: mime-types@2.1.35 want: 1.52.0
406 silly placeDep ROOT ee-first@1.1.1 OK for: on-finished@2.4.1 want: 1.1.1
407 silly placeDep ROOT forwarded@0.2.0 OK for: proxy-addr@2.0.7 want: 0.2.0
408 silly placeDep ROOT ipaddr.js@1.9.1 OK for: proxy-addr@2.0.7 want: 1.9.1
409 silly placeDep ROOT side-channel@1.1.0 OK for: qs@6.13.0 want: ^1.0.6
410 silly fetch manifest object-inspect@^1.13.3
411 silly packumentCache full:https://registry.npmjs.org/object-inspect cache-miss
412 silly fetch manifest side-channel-list@^1.0.0
413 silly packumentCache full:https://registry.npmjs.org/side-channel-list cache-miss
414 silly fetch manifest side-channel-map@^1.0.1
415 silly packumentCache full:https://registry.npmjs.org/side-channel-map cache-miss
416 silly fetch manifest side-channel-weakmap@^1.0.2
417 silly packumentCache full:https://registry.npmjs.org/side-channel-weakmap cache-miss
418 http cache https://registry.npmjs.org/side-channel-weakmap 17ms (cache hit)
419 silly packumentCache full:https://registry.npmjs.org/side-channel-weakmap set size:12620 disposed:false
420 http cache https://registry.npmjs.org/side-channel-list 21ms (cache hit)
421 silly packumentCache full:https://registry.npmjs.org/side-channel-list set size:6005 disposed:false
422 http cache https://registry.npmjs.org/object-inspect 24ms (cache hit)
423 silly packumentCache full:https://registry.npmjs.org/object-inspect set size:101912 disposed:false
424 http cache https://registry.npmjs.org/side-channel-map 27ms (cache hit)
425 silly packumentCache full:https://registry.npmjs.org/side-channel-map set size:9126 disposed:false
426 silly placeDep node_modules/send encodeurl@1.0.2 OK for: send@0.19.0 want: ~1.0.2
427 silly placeDep ROOT mime@1.6.0 OK for: send@0.19.0 want: 1.6.0
428 silly placeDep node_modules/send ms@2.1.3 OK for: send@0.19.0 want: 2.1.3
429 silly placeDep ROOT object-inspect@1.13.4 OK for: side-channel@1.1.0 want: ^1.13.3
430 silly placeDep ROOT side-channel-list@1.0.0 OK for: side-channel@1.1.0 want: ^1.0.0
431 silly placeDep ROOT side-channel-map@1.0.1 OK for: side-channel@1.1.0 want: ^1.0.1
432 silly placeDep ROOT side-channel-weakmap@1.0.2 OK for: side-channel@1.1.0 want: ^1.0.2
433 silly fetch manifest call-bound@^1.0.2
434 silly packumentCache full:https://registry.npmjs.org/call-bound cache-miss
435 silly fetch manifest call-bound@^1.0.2
436 silly packumentCache full:https://registry.npmjs.org/call-bound cache-miss
437 http cache https://registry.npmjs.org/call-bound 9ms (cache hit)
438 silly packumentCache full:https://registry.npmjs.org/call-bound set size:15317 disposed:false
439 http cache https://registry.npmjs.org/call-bound 12ms (cache hit)
440 silly packumentCache full:https://registry.npmjs.org/call-bound set size:15317 disposed:false
441 silly packumentCache full:https://registry.npmjs.org/call-bound dispose
442 silly placeDep ROOT call-bound@1.0.4 OK for: side-channel-map@1.0.1 want: ^1.0.2
443 silly placeDep ROOT media-typer@0.3.0 OK for: type-is@1.6.18 want: 0.3.0
444 silly reify moves {}
445 silly audit bulk request {
445 silly audit   axios: [ '1.8.2' ],
445 silly audit   cors: [ '2.8.5' ],
445 silly audit   dotenv: [ '16.4.7' ],
445 silly audit   express: [ '4.21.2' ],
445 silly audit   'follow-redirects': [ '1.15.9' ],
445 silly audit   'form-data': [ '4.0.2' ],
445 silly audit   'proxy-from-env': [ '1.1.0' ],
445 silly audit   'object-assign': [ '4.1.1' ],
445 silly audit   vary: [ '1.1.2' ],
445 silly audit   accepts: [ '1.3.8' ],
445 silly audit   'array-flatten': [ '1.1.1' ],
445 silly audit   'body-parser': [ '1.20.3' ],
445 silly audit   'content-disposition': [ '0.5.4' ],
445 silly audit   'content-type': [ '1.0.5' ],
445 silly audit   cookie: [ '0.7.1' ],
445 silly audit   'cookie-signature': [ '1.0.6' ],
445 silly audit   debug: [ '2.6.9' ],
445 silly audit   depd: [ '2.0.0' ],
445 silly audit   encodeurl: [ '2.0.0', '1.0.2' ],
445 silly audit   'escape-html': [ '1.0.3' ],
445 silly audit   etag: [ '1.8.1' ],
445 silly audit   finalhandler: [ '1.3.1' ],
445 silly audit   fresh: [ '0.5.2' ],
445 silly audit   'http-errors': [ '2.0.0' ],
445 silly audit   'merge-descriptors': [ '1.0.3' ],
445 silly audit   methods: [ '1.1.2' ],
445 silly audit   'on-finished': [ '2.4.1' ],
445 silly audit   parseurl: [ '1.3.3' ],
445 silly audit   'path-to-regexp': [ '0.1.12' ],
445 silly audit   'proxy-addr': [ '2.0.7' ],
445 silly audit   qs: [ '6.13.0' ],
445 silly audit   'range-parser': [ '1.2.1' ],
445 silly audit   'safe-buffer': [ '5.2.1' ],
445 silly audit   send: [ '0.19.0' ],
445 silly audit   'serve-static': [ '1.16.2' ],
445 silly audit   setprototypeof: [ '1.2.0' ],
445 silly audit   statuses: [ '2.0.1' ],
445 silly audit   'type-is': [ '1.6.18' ],
445 silly audit   'utils-merge': [ '1.0.1' ],
445 silly audit   'mime-types': [ '2.1.35' ],
445 silly audit   negotiator: [ '0.6.3' ],
445 silly audit   bytes: [ '3.1.2' ],
445 silly audit   destroy: [ '1.2.0' ],
445 silly audit   'iconv-lite': [ '0.4.24' ],
445 silly audit   'raw-body': [ '2.5.2' ],
445 silly audit   unpipe: [ '1.0.0' ],
445 silly audit   ms: [ '2.0.0', '2.1.3' ],
445 silly audit   asynckit: [ '0.4.0' ],
445 silly audit   'combined-stream': [ '1.0.8' ],
445 silly audit   'es-set-tostringtag': [ '2.1.0' ],
445 silly audit   'delayed-stream': [ '1.0.0' ],
445 silly audit   'es-errors': [ '1.3.0' ],
445 silly audit   'get-intrinsic': [ '1.3.0' ],
445 silly audit   'has-tostringtag': [ '1.0.2' ],
445 silly audit   hasown: [ '2.0.2' ],
445 silly audit   'call-bind-apply-helpers': [ '1.0.2' ],
445 silly audit   'es-define-property': [ '1.0.1' ],
445 silly audit   'es-object-atoms': [ '1.1.1' ],
445 silly audit   'function-bind': [ '1.1.2' ],
445 silly audit   'get-proto': [ '1.0.1' ],
445 silly audit   gopd: [ '1.2.0' ],
445 silly audit   'has-symbols': [ '1.1.0' ],
445 silly audit   'math-intrinsics': [ '1.1.0' ],
445 silly audit   'dunder-proto': [ '1.0.1' ],
445 silly audit   inherits: [ '2.0.4' ],
445 silly audit   toidentifier: [ '1.0.1' ],
445 silly audit   'safer-buffer': [ '2.1.2' ],
445 silly audit   'mime-db': [ '1.52.0' ],
445 silly audit   'ee-first': [ '1.1.1' ],
445 silly audit   forwarded: [ '0.2.0' ],
445 silly audit   'ipaddr.js': [ '1.9.1' ],
445 silly audit   'side-channel': [ '1.1.0' ],
445 silly audit   mime: [ '1.6.0' ],
445 silly audit   'object-inspect': [ '1.13.4' ],
445 silly audit   'side-channel-list': [ '1.0.0' ],
445 silly audit   'side-channel-map': [ '1.0.1' ],
445 silly audit   'side-channel-weakmap': [ '1.0.2' ],
445 silly audit   'call-bound': [ '1.0.4' ],
445 silly audit   'media-typer': [ '0.3.0' ]
445 silly audit }
446 http cache media-typer@https://registry.npmjs.org/media-typer/-/media-typer-0.3.0.tgz 1ms (cache hit)
447 http cache call-bound@https://registry.npmjs.org/call-bound/-/call-bound-1.0.4.tgz 0ms (cache hit)
448 http cache side-channel-map@https://registry.npmjs.org/side-channel-map/-/side-channel-map-1.0.1.tgz 0ms (cache hit)
449 http cache side-channel-list@https://registry.npmjs.org/side-channel-list/-/side-channel-list-1.0.0.tgz 0ms (cache hit)
450 http cache object-inspect@https://registry.npmjs.org/object-inspect/-/object-inspect-1.13.4.tgz 0ms (cache hit)
451 http cache mime@https://registry.npmjs.org/mime/-/mime-1.6.0.tgz 0ms (cache hit)
452 http cache side-channel-weakmap@https://registry.npmjs.org/side-channel-weakmap/-/side-channel-weakmap-1.0.2.tgz 0ms (cache hit)
453 http cache side-channel@https://registry.npmjs.org/side-channel/-/side-channel-1.1.0.tgz 0ms (cache hit)
454 http cache ipaddr.js@https://registry.npmjs.org/ipaddr.js/-/ipaddr.js-1.9.1.tgz 0ms (cache hit)
455 http cache forwarded@https://registry.npmjs.org/forwarded/-/forwarded-0.2.0.tgz 0ms (cache hit)
456 http cache ee-first@https://registry.npmjs.org/ee-first/-/ee-first-1.1.1.tgz 0ms (cache hit)
457 http cache mime-db@https://registry.npmjs.org/mime-db/-/mime-db-1.52.0.tgz 0ms (cache hit)
458 http cache safer-buffer@https://registry.npmjs.org/safer-buffer/-/safer-buffer-2.1.2.tgz 0ms (cache hit)
459 http cache toidentifier@https://registry.npmjs.org/toidentifier/-/toidentifier-1.0.1.tgz 0ms (cache hit)
460 http cache inherits@https://registry.npmjs.org/inherits/-/inherits-2.0.4.tgz 0ms (cache hit)
461 http cache dunder-proto@https://registry.npmjs.org/dunder-proto/-/dunder-proto-1.0.1.tgz 0ms (cache hit)
462 http cache math-intrinsics@https://registry.npmjs.org/math-intrinsics/-/math-intrinsics-1.1.0.tgz 0ms (cache hit)
463 http cache has-symbols@https://registry.npmjs.org/has-symbols/-/has-symbols-1.1.0.tgz 0ms (cache hit)
464 http cache gopd@https://registry.npmjs.org/gopd/-/gopd-1.2.0.tgz 0ms (cache hit)
465 http cache get-proto@https://registry.npmjs.org/get-proto/-/get-proto-1.0.1.tgz 0ms (cache hit)
466 http cache function-bind@https://registry.npmjs.org/function-bind/-/function-bind-1.1.2.tgz 0ms (cache hit)
467 http cache es-object-atoms@https://registry.npmjs.org/es-object-atoms/-/es-object-atoms-1.1.1.tgz 0ms (cache hit)
468 http cache es-define-property@https://registry.npmjs.org/es-define-property/-/es-define-property-1.0.1.tgz 0ms (cache hit)
469 http cache call-bind-apply-helpers@https://registry.npmjs.org/call-bind-apply-helpers/-/call-bind-apply-helpers-1.0.2.tgz 0ms (cache hit)
470 http cache hasown@https://registry.npmjs.org/hasown/-/hasown-2.0.2.tgz 0ms (cache hit)
471 http cache has-tostringtag@https://registry.npmjs.org/has-tostringtag/-/has-tostringtag-1.0.2.tgz 0ms (cache hit)
472 http cache get-intrinsic@https://registry.npmjs.org/get-intrinsic/-/get-intrinsic-1.3.0.tgz 0ms (cache hit)
473 http cache es-errors@https://registry.npmjs.org/es-errors/-/es-errors-1.3.0.tgz 0ms (cache hit)
474 http cache delayed-stream@https://registry.npmjs.org/delayed-stream/-/delayed-stream-1.0.0.tgz 0ms (cache hit)
475 http cache es-set-tostringtag@https://registry.npmjs.org/es-set-tostringtag/-/es-set-tostringtag-2.1.0.tgz 0ms (cache hit)
476 http cache asynckit@https://registry.npmjs.org/asynckit/-/asynckit-0.4.0.tgz 0ms (cache hit)
477 http cache combined-stream@https://registry.npmjs.org/combined-stream/-/combined-stream-1.0.8.tgz 0ms (cache hit)
478 http cache ms@https://registry.npmjs.org/ms/-/ms-2.0.0.tgz 0ms (cache hit)
479 http cache unpipe@https://registry.npmjs.org/unpipe/-/unpipe-1.0.0.tgz 0ms (cache hit)
480 http cache raw-body@https://registry.npmjs.org/raw-body/-/raw-body-2.5.2.tgz 0ms (cache hit)
481 http cache iconv-lite@https://registry.npmjs.org/iconv-lite/-/iconv-lite-0.4.24.tgz 0ms (cache hit)
482 http cache destroy@https://registry.npmjs.org/destroy/-/destroy-1.2.0.tgz 0ms (cache hit)
483 http cache bytes@https://registry.npmjs.org/bytes/-/bytes-3.1.2.tgz 0ms (cache hit)
484 http cache negotiator@https://registry.npmjs.org/negotiator/-/negotiator-0.6.3.tgz 0ms (cache hit)
485 http cache mime-types@https://registry.npmjs.org/mime-types/-/mime-types-2.1.35.tgz 0ms (cache hit)
486 http cache utils-merge@https://registry.npmjs.org/utils-merge/-/utils-merge-1.0.1.tgz 0ms (cache hit)
487 http cache type-is@https://registry.npmjs.org/type-is/-/type-is-1.6.18.tgz 0ms (cache hit)
488 http cache setprototypeof@https://registry.npmjs.org/setprototypeof/-/setprototypeof-1.2.0.tgz 0ms (cache hit)
489 http cache statuses@https://registry.npmjs.org/statuses/-/statuses-2.0.1.tgz 0ms (cache hit)
490 http cache send@https://registry.npmjs.org/send/-/send-0.19.0.tgz 0ms (cache hit)
491 http cache serve-static@https://registry.npmjs.org/serve-static/-/serve-static-1.16.2.tgz 0ms (cache hit)
492 http cache safe-buffer@https://registry.npmjs.org/safe-buffer/-/safe-buffer-5.2.1.tgz 0ms (cache hit)
493 http cache range-parser@https://registry.npmjs.org/range-parser/-/range-parser-1.2.1.tgz 0ms (cache hit)
494 http cache qs@https://registry.npmjs.org/qs/-/qs-6.13.0.tgz 0ms (cache hit)
495 http cache proxy-addr@https://registry.npmjs.org/proxy-addr/-/proxy-addr-2.0.7.tgz 0ms (cache hit)
496 http cache path-to-regexp@https://registry.npmjs.org/path-to-regexp/-/path-to-regexp-0.1.12.tgz 0ms (cache hit)
497 http cache parseurl@https://registry.npmjs.org/parseurl/-/parseurl-1.3.3.tgz 0ms (cache hit)
498 http cache on-finished@https://registry.npmjs.org/on-finished/-/on-finished-2.4.1.tgz 0ms (cache hit)
499 http cache methods@https://registry.npmjs.org/methods/-/methods-1.1.2.tgz 0ms (cache hit)
500 http cache merge-descriptors@https://registry.npmjs.org/merge-descriptors/-/merge-descriptors-1.0.3.tgz 0ms (cache hit)
501 http cache http-errors@https://registry.npmjs.org/http-errors/-/http-errors-2.0.0.tgz 0ms (cache hit)
502 http cache fresh@https://registry.npmjs.org/fresh/-/fresh-0.5.2.tgz 0ms (cache hit)
503 http cache finalhandler@https://registry.npmjs.org/finalhandler/-/finalhandler-1.3.1.tgz 0ms (cache hit)
504 http cache etag@https://registry.npmjs.org/etag/-/etag-1.8.1.tgz 0ms (cache hit)
505 http cache escape-html@https://registry.npmjs.org/escape-html/-/escape-html-1.0.3.tgz 0ms (cache hit)
506 http cache encodeurl@https://registry.npmjs.org/encodeurl/-/encodeurl-2.0.0.tgz 0ms (cache hit)
507 http cache depd@https://registry.npmjs.org/depd/-/depd-2.0.0.tgz 0ms (cache hit)
508 http cache debug@https://registry.npmjs.org/debug/-/debug-2.6.9.tgz 0ms (cache hit)
509 http cache cookie-signature@https://registry.npmjs.org/cookie-signature/-/cookie-signature-1.0.6.tgz 0ms (cache hit)
510 http cache cookie@https://registry.npmjs.org/cookie/-/cookie-0.7.1.tgz 0ms (cache hit)
511 http cache content-type@https://registry.npmjs.org/content-type/-/content-type-1.0.5.tgz 0ms (cache hit)
512 http cache content-disposition@https://registry.npmjs.org/content-disposition/-/content-disposition-0.5.4.tgz 0ms (cache hit)
513 http cache body-parser@https://registry.npmjs.org/body-parser/-/body-parser-1.20.3.tgz 0ms (cache hit)
514 http cache array-flatten@https://registry.npmjs.org/array-flatten/-/array-flatten-1.1.1.tgz 0ms (cache hit)
515 http cache accepts@https://registry.npmjs.org/accepts/-/accepts-1.3.8.tgz 0ms (cache hit)
516 http cache vary@https://registry.npmjs.org/vary/-/vary-1.1.2.tgz 0ms (cache hit)
517 http cache object-assign@https://registry.npmjs.org/object-assign/-/object-assign-4.1.1.tgz 0ms (cache hit)
518 http cache proxy-from-env@https://registry.npmjs.org/proxy-from-env/-/proxy-from-env-1.1.0.tgz 0ms (cache hit)
519 http cache form-data@https://registry.npmjs.org/form-data/-/form-data-4.0.2.tgz 0ms (cache hit)
520 http cache follow-redirects@https://registry.npmjs.org/follow-redirects/-/follow-redirects-1.15.9.tgz 0ms (cache hit)
521 http cache express@https://registry.npmjs.org/express/-/express-4.21.2.tgz 0ms (cache hit)
522 http cache dotenv@https://registry.npmjs.org/dotenv/-/dotenv-16.4.7.tgz 0ms (cache hit)
523 http cache cors@https://registry.npmjs.org/cors/-/cors-2.8.5.tgz 0ms (cache hit)
524 http cache axios@https://registry.npmjs.org/axios/-/axios-1.8.2.tgz 0ms (cache hit)
525 http cache ms@https://registry.npmjs.org/ms/-/ms-2.1.3.tgz 0ms (cache hit)
526 http cache encodeurl@https://registry.npmjs.org/encodeurl/-/encodeurl-1.0.2.tgz 0ms (cache hit)
527 http fetch POST 200 https://registry.npmjs.org/-/npm/v1/security/advisories/bulk 2046ms
528 silly audit report {}
529 silly ADD node_modules/media-typer
530 silly ADD node_modules/call-bound
531 silly ADD node_modules/side-channel-weakmap
532 silly ADD node_modules/side-channel-map
533 silly ADD node_modules/side-channel-list
534 silly ADD node_modules/object-inspect
535 silly ADD node_modules/mime
536 silly ADD node_modules/side-channel
537 silly ADD node_modules/ipaddr.js
538 silly ADD node_modules/forwarded
539 silly ADD node_modules/ee-first
540 silly ADD node_modules/mime-db
541 silly ADD node_modules/safer-buffer
542 silly ADD node_modules/toidentifier
543 silly ADD node_modules/inherits
544 silly ADD node_modules/dunder-proto
545 silly ADD node_modules/math-intrinsics
546 silly ADD node_modules/has-symbols
547 silly ADD node_modules/gopd
548 silly ADD node_modules/get-proto
549 silly ADD node_modules/function-bind
550 silly ADD node_modules/es-object-atoms
551 silly ADD node_modules/es-define-property
552 silly ADD node_modules/call-bind-apply-helpers
553 silly ADD node_modules/hasown
554 silly ADD node_modules/has-tostringtag
555 silly ADD node_modules/get-intrinsic
556 silly ADD node_modules/es-errors
557 silly ADD node_modules/delayed-stream
558 silly ADD node_modules/es-set-tostringtag
559 silly ADD node_modules/combined-stream
560 silly ADD node_modules/asynckit
561 silly ADD node_modules/ms
562 silly ADD node_modules/unpipe
563 silly ADD node_modules/raw-body
564 silly ADD node_modules/iconv-lite
565 silly ADD node_modules/destroy
566 silly ADD node_modules/bytes
567 silly ADD node_modules/negotiator
568 silly ADD node_modules/mime-types
569 silly ADD node_modules/utils-merge
570 silly ADD node_modules/type-is
571 silly ADD node_modules/statuses
572 silly ADD node_modules/setprototypeof
573 silly ADD node_modules/serve-static
574 silly ADD node_modules/send
575 silly ADD node_modules/send/node_modules/ms
576 silly ADD node_modules/send/node_modules/encodeurl
577 silly ADD node_modules/safe-buffer
578 silly ADD node_modules/range-parser
579 silly ADD node_modules/qs
580 silly ADD node_modules/proxy-addr
581 silly ADD node_modules/path-to-regexp
582 silly ADD node_modules/parseurl
583 silly ADD node_modules/on-finished
584 silly ADD node_modules/methods
585 silly ADD node_modules/merge-descriptors
586 silly ADD node_modules/http-errors
587 silly ADD node_modules/fresh
588 silly ADD node_modules/finalhandler
589 silly ADD node_modules/etag
590 silly ADD node_modules/escape-html
591 silly ADD node_modules/encodeurl
592 silly ADD node_modules/depd
593 silly ADD node_modules/debug
594 silly ADD node_modules/cookie-signature
595 silly ADD node_modules/cookie
596 silly ADD node_modules/content-type
597 silly ADD node_modules/content-disposition
598 silly ADD node_modules/body-parser
599 silly ADD node_modules/array-flatten
600 silly ADD node_modules/accepts
601 silly ADD node_modules/vary
602 silly ADD node_modules/object-assign
603 silly ADD node_modules/proxy-from-env
604 silly ADD node_modules/form-data
605 silly ADD node_modules/follow-redirects
606 silly ADD node_modules/express
607 silly ADD node_modules/dotenv
608 silly ADD node_modules/cors
609 silly ADD node_modules/axios
610 verbose cwd /data/data/com.termux/files/home/virtuzen-backend
611 verbose os Linux 4.19.157-perf-28692735-abA235FXXS9EYB1
612 verbose node v23.8.0
613 verbose npm  v10.9.2
614 verbose exit 0
615 info ok
